
*** Running vivado
    with args -log design_1_xlconcat_0_0.vds -m64 -product Vivado -mode batch -messageDb vivado.pb -notrace -source design_1_xlconcat_0_0.tcl

awk: symbol lookup error: awk: undefined symbol: mpfr_z_sub

****** Vivado v2016.4 (64-bit)
  **** SW Build 1756540 on Mon Jan 23 19:11:19 MST 2017
  **** IP Build 1755317 on Mon Jan 23 20:30:07 MST 2017
    ** Copyright 1986-2016 Xilinx, Inc. All Rights Reserved.

source design_1_xlconcat_0_0.tcl -notrace
awk: symbol lookup error: awk: undefined symbol: mpfr_z_sub
Starting RTL Elaboration : Time (s): cpu = 00:00:07 ; elapsed = 00:00:07 . Memory (MB): peak = 1102.750 ; gain = 171.086 ; free physical = 2009 ; free virtual = 8739
INFO: [Synth 8-638] synthesizing module 'design_1_xlconcat_0_0' [/home/marco/Documents/tesis/buildroot_2018_05/Version_Actualizada/vivado_2019_Version/vivado_2019_Version.srcs/sources_1/bd/design_1/ip/design_1_xlconcat_0_0/synth/design_1_xlconcat_0_0.v:58]
INFO: [Synth 8-638] synthesizing module 'xlconcat' [/home/marco/Documents/tesis/buildroot_2018_05/Version_Actualizada/vivado_2019_Version/vivado_2019_Version.srcs/sources_1/bd/design_1/ipshared/2e37/xlconcat.v:14]
INFO: [Synth 8-256] done synthesizing module 'xlconcat' (1#1) [/home/marco/Documents/tesis/buildroot_2018_05/Version_Actualizada/vivado_2019_Version/vivado_2019_Version.srcs/sources_1/bd/design_1/ipshared/2e37/xlconcat.v:14]
INFO: [Synth 8-256] done synthesizing module 'design_1_xlconcat_0_0' (2#1) [/home/marco/Documents/tesis/buildroot_2018_05/Version_Actualizada/vivado_2019_Version/vivado_2019_Version.srcs/sources_1/bd/design_1/ip/design_1_xlconcat_0_0/synth/design_1_xlconcat_0_0.v:58]
Finished RTL Elaboration : Time (s): cpu = 00:00:07 ; elapsed = 00:00:08 . Memory (MB): peak = 1144.219 ; gain = 212.555 ; free physical = 1945 ; free virtual = 8675
Finished RTL Optimization Phase 1 : Time (s): cpu = 00:00:08 ; elapsed = 00:00:08 . Memory (MB): peak = 1144.219 ; gain = 212.555 ; free physical = 1939 ; free virtual = 8669
INFO: [Device 21-403] Loading part xc7z020clg484-1
Constraint Validation Runtime : Time (s): cpu = 00:00:00.01 ; elapsed = 00:00:00.01 . Memory (MB): peak = 1396.742 ; gain = 1.000 ; free physical = 1629 ; free virtual = 8359
Finished Constraint Validation : Time (s): cpu = 00:00:15 ; elapsed = 00:00:16 . Memory (MB): peak = 1396.742 ; gain = 465.078 ; free physical = 1544 ; free virtual = 8275
Finished Loading Part and Timing Information : Time (s): cpu = 00:00:15 ; elapsed = 00:00:16 . Memory (MB): peak = 1396.742 ; gain = 465.078 ; free physical = 1544 ; free virtual = 8275
Finished applying 'set_property' XDC Constraints : Time (s): cpu = 00:00:15 ; elapsed = 00:00:16 . Memory (MB): peak = 1396.742 ; gain = 465.078 ; free physical = 1544 ; free virtual = 8275
Finished RTL Optimization Phase 2 : Time (s): cpu = 00:00:15 ; elapsed = 00:00:16 . Memory (MB): peak = 1396.742 ; gain = 465.078 ; free physical = 1544 ; free virtual = 8275
Finished Cross Boundary and Area Optimization : Time (s): cpu = 00:00:16 ; elapsed = 00:00:16 . Memory (MB): peak = 1396.742 ; gain = 465.078 ; free physical = 1544 ; free virtual = 8275
Finished Applying XDC Timing Constraints : Time (s): cpu = 00:00:22 ; elapsed = 00:00:23 . Memory (MB): peak = 1434.742 ; gain = 503.078 ; free physical = 1467 ; free virtual = 8198
Finished Timing Optimization : Time (s): cpu = 00:00:22 ; elapsed = 00:00:23 . Memory (MB): peak = 1434.742 ; gain = 503.078 ; free physical = 1467 ; free virtual = 8198
Finished Technology Mapping : Time (s): cpu = 00:00:22 ; elapsed = 00:00:23 . Memory (MB): peak = 1444.758 ; gain = 513.094 ; free physical = 1458 ; free virtual = 8189
Finished IO Insertion : Time (s): cpu = 00:00:23 ; elapsed = 00:00:23 . Memory (MB): peak = 1444.758 ; gain = 513.094 ; free physical = 1458 ; free virtual = 8189
Finished Renaming Generated Instances : Time (s): cpu = 00:00:23 ; elapsed = 00:00:23 . Memory (MB): peak = 1444.758 ; gain = 513.094 ; free physical = 1458 ; free virtual = 8189
Finished Rebuilding User Hierarchy : Time (s): cpu = 00:00:23 ; elapsed = 00:00:23 . Memory (MB): peak = 1444.758 ; gain = 513.094 ; free physical = 1458 ; free virtual = 8189
Finished Renaming Generated Ports : Time (s): cpu = 00:00:23 ; elapsed = 00:00:23 . Memory (MB): peak = 1444.758 ; gain = 513.094 ; free physical = 1458 ; free virtual = 8189
Finished Handling Custom Attributes : Time (s): cpu = 00:00:23 ; elapsed = 00:00:23 . Memory (MB): peak = 1444.758 ; gain = 513.094 ; free physical = 1458 ; free virtual = 8189
Finished Renaming Generated Nets : Time (s): cpu = 00:00:23 ; elapsed = 00:00:23 . Memory (MB): peak = 1444.758 ; gain = 513.094 ; free physical = 1458 ; free virtual = 8189

Report Cell Usage: 
+-+-----+------+
| |Cell |Count |
+-+-----+------+
+-+-----+------+
Finished Writing Synthesis Report : Time (s): cpu = 00:00:23 ; elapsed = 00:00:23 . Memory (MB): peak = 1444.758 ; gain = 513.094 ; free physical = 1458 ; free virtual = 8189
synth_design: Time (s): cpu = 00:00:20 ; elapsed = 00:00:20 . Memory (MB): peak = 1449.758 ; gain = 428.590 ; free physical = 1454 ; free virtual = 8185
