#-----------------------------------------------------------
# Vivado v2016.4 (64-bit)
# SW Build 1756540 on Mon Jan 23 19:11:19 MST 2017
# IP Build 1755317 on Mon Jan 23 20:30:07 MST 2017
# Start of session at: Sun Nov 18 15:43:58 2018
# Process ID: 3770
# Current directory: /home/marco/Documents
# Command line: vivado
# Log file: /home/marco/Documents/vivado.log
# Journal file: /home/marco/Documents/vivado.jou
#-----------------------------------------------------------
start_gui
open_project /home/marco/Documents/tesis/others/vivado_2019_Version/vivado_2019_Version.xpr
Scanning sources...
Finished scanning sources
INFO: [IP_Flow 19-234] Refreshing IP repositories
INFO: [IP_Flow 19-1700] Loaded user IP repository '/home/marco/Documents/tesis/others/project_HLS/IP_2018/solution1/impl/ip'.
INFO: [IP_Flow 19-2313] Loaded Vivado IP repository '/opt/vivado/Vivado/2016.4/data/ip'.
open_project: Time (s): cpu = 00:00:11 ; elapsed = 00:00:06 . Memory (MB): peak = 5974.129 ; gain = 137.617 ; free physical = 12432 ; free virtual = 14429
open_bd_design {/home/marco/Documents/tesis/others/vivado_2019_Version/vivado_2019_Version.srcs/sources_1/bd/design_1/design_1.bd}
Adding cell -- xilinx.com:ip:processing_system7:5.5 - processing_system7_0
Adding cell -- xilinx.com:hls:Simulate_HW:1.0 - Simulate_HW_0
Adding cell -- xilinx.com:ip:proc_sys_reset:5.0 - rst_ps7_0_100M
Adding cell -- xilinx.com:ip:axi_dma:7.1 - axi_dma_0
Adding cell -- xilinx.com:ip:xlconcat:2.1 - xlconcat_0
Adding cell -- xilinx.com:ip:axi_crossbar:2.1 - xbar
Adding cell -- xilinx.com:ip:axi_protocol_converter:2.1 - auto_pc
Adding cell -- xilinx.com:ip:axi_crossbar:2.1 - xbar
Adding cell -- xilinx.com:ip:axi_protocol_converter:2.1 - auto_pc
Successfully read diagram <design_1> from BD file </home/marco/Documents/tesis/others/vivado_2019_Version/vivado_2019_Version.srcs/sources_1/bd/design_1/design_1.bd>
set_property location {4 1033 455} [get_bd_cells xlconcat_0]
set_property location {3 513 551} [get_bd_cells xlconcat_0]
set_property location {4 1033 516} [get_bd_cells processing_system7_0]
set_property location {3 738 -154} [get_bd_cells rst_ps7_0_100M]
set_property location {1690 508} [get_bd_intf_ports FIXED_IO]
undo
INFO: [Common 17-17] undo 'set_property location {1690 508} [get_bd_intf_ports FIXED_IO]'
