
*** Running vivado
    with args -log design_1_auto_pc_0.vds -m64 -product Vivado -mode batch -messageDb vivado.pb -notrace -source design_1_auto_pc_0.tcl

awk: symbol lookup error: awk: undefined symbol: mpfr_z_sub

****** Vivado v2016.4 (64-bit)
  **** SW Build 1756540 on Mon Jan 23 19:11:19 MST 2017
  **** IP Build 1755317 on Mon Jan 23 20:30:07 MST 2017
    ** Copyright 1986-2016 Xilinx, Inc. All Rights Reserved.

source design_1_auto_pc_0.tcl -notrace
awk: symbol lookup error: awk: undefined symbol: mpfr_z_sub
Starting RTL Elaboration : Time (s): cpu = 00:00:12 ; elapsed = 00:00:13 . Memory (MB): peak = 1107.746 ; gain = 176.086 ; free physical = 1809 ; free virtual = 8882
INFO: [Synth 8-638] synthesizing module 'design_1_auto_pc_0' [/home/marco/Documents/tesis/buildroot_2018_05/Version_Actualizada/vivado_2019_Version/vivado_2019_Version.srcs/sources_1/bd/design_1/ip/design_1_auto_pc_0/synth/design_1_auto_pc_0.v:58]
INFO: [Synth 8-638] synthesizing module 'axi_protocol_converter_v2_1_11_axi_protocol_converter' [/home/marco/Documents/tesis/buildroot_2018_05/Version_Actualizada/vivado_2019_Version/vivado_2019_Version.srcs/sources_1/bd/design_1/ipshared/df1b/hdl/axi_protocol_converter_v2_1_vl_rfs.v:4806]
INFO: [Synth 8-638] synthesizing module 'axi_protocol_converter_v2_1_11_b2s' [/home/marco/Documents/tesis/buildroot_2018_05/Version_Actualizada/vivado_2019_Version/vivado_2019_Version.srcs/sources_1/bd/design_1/ipshared/df1b/hdl/axi_protocol_converter_v2_1_vl_rfs.v:4224]
INFO: [Synth 8-638] synthesizing module 'axi_protocol_converter_v2_1_11_b2s_aw_channel' [/home/marco/Documents/tesis/buildroot_2018_05/Version_Actualizada/vivado_2019_Version/vivado_2019_Version.srcs/sources_1/bd/design_1/ipshared/df1b/hdl/axi_protocol_converter_v2_1_vl_rfs.v:3969]
INFO: [Synth 8-638] synthesizing module 'axi_protocol_converter_v2_1_11_b2s_cmd_translator' [/home/marco/Documents/tesis/buildroot_2018_05/Version_Actualizada/vivado_2019_Version/vivado_2019_Version.srcs/sources_1/bd/design_1/ipshared/df1b/hdl/axi_protocol_converter_v2_1_vl_rfs.v:3467]
INFO: [Synth 8-638] synthesizing module 'axi_protocol_converter_v2_1_11_b2s_incr_cmd' [/home/marco/Documents/tesis/buildroot_2018_05/Version_Actualizada/vivado_2019_Version/vivado_2019_Version.srcs/sources_1/bd/design_1/ipshared/df1b/hdl/axi_protocol_converter_v2_1_vl_rfs.v:3093]
INFO: [Synth 8-256] done synthesizing module 'axi_protocol_converter_v2_1_11_b2s_incr_cmd' (1#1) [/home/marco/Documents/tesis/buildroot_2018_05/Version_Actualizada/vivado_2019_Version/vivado_2019_Version.srcs/sources_1/bd/design_1/ipshared/df1b/hdl/axi_protocol_converter_v2_1_vl_rfs.v:3093]
INFO: [Synth 8-638] synthesizing module 'axi_protocol_converter_v2_1_11_b2s_wrap_cmd' [/home/marco/Documents/tesis/buildroot_2018_05/Version_Actualizada/vivado_2019_Version/vivado_2019_Version.srcs/sources_1/bd/design_1/ipshared/df1b/hdl/axi_protocol_converter_v2_1_vl_rfs.v:2903]
INFO: [Synth 8-256] done synthesizing module 'axi_protocol_converter_v2_1_11_b2s_wrap_cmd' (2#1) [/home/marco/Documents/tesis/buildroot_2018_05/Version_Actualizada/vivado_2019_Version/vivado_2019_Version.srcs/sources_1/bd/design_1/ipshared/df1b/hdl/axi_protocol_converter_v2_1_vl_rfs.v:2903]
INFO: [Synth 8-256] done synthesizing module 'axi_protocol_converter_v2_1_11_b2s_cmd_translator' (3#1) [/home/marco/Documents/tesis/buildroot_2018_05/Version_Actualizada/vivado_2019_Version/vivado_2019_Version.srcs/sources_1/bd/design_1/ipshared/df1b/hdl/axi_protocol_converter_v2_1_vl_rfs.v:3467]
INFO: [Synth 8-638] synthesizing module 'axi_protocol_converter_v2_1_11_b2s_wr_cmd_fsm' [/home/marco/Documents/tesis/buildroot_2018_05/Version_Actualizada/vivado_2019_Version/vivado_2019_Version.srcs/sources_1/bd/design_1/ipshared/df1b/hdl/axi_protocol_converter_v2_1_vl_rfs.v:3225]
INFO: [Synth 8-256] done synthesizing module 'axi_protocol_converter_v2_1_11_b2s_wr_cmd_fsm' (4#1) [/home/marco/Documents/tesis/buildroot_2018_05/Version_Actualizada/vivado_2019_Version/vivado_2019_Version.srcs/sources_1/bd/design_1/ipshared/df1b/hdl/axi_protocol_converter_v2_1_vl_rfs.v:3225]
INFO: [Synth 8-256] done synthesizing module 'axi_protocol_converter_v2_1_11_b2s_aw_channel' (5#1) [/home/marco/Documents/tesis/buildroot_2018_05/Version_Actualizada/vivado_2019_Version/vivado_2019_Version.srcs/sources_1/bd/design_1/ipshared/df1b/hdl/axi_protocol_converter_v2_1_vl_rfs.v:3969]
INFO: [Synth 8-638] synthesizing module 'axi_protocol_converter_v2_1_11_b2s_b_channel' [/home/marco/Documents/tesis/buildroot_2018_05/Version_Actualizada/vivado_2019_Version/vivado_2019_Version.srcs/sources_1/bd/design_1/ipshared/df1b/hdl/axi_protocol_converter_v2_1_vl_rfs.v:3609]
INFO: [Synth 8-638] synthesizing module 'axi_protocol_converter_v2_1_11_b2s_simple_fifo' [/home/marco/Documents/tesis/buildroot_2018_05/Version_Actualizada/vivado_2019_Version/vivado_2019_Version.srcs/sources_1/bd/design_1/ipshared/df1b/hdl/axi_protocol_converter_v2_1_vl_rfs.v:2816]
INFO: [Synth 8-256] done synthesizing module 'axi_protocol_converter_v2_1_11_b2s_simple_fifo' (6#1) [/home/marco/Documents/tesis/buildroot_2018_05/Version_Actualizada/vivado_2019_Version/vivado_2019_Version.srcs/sources_1/bd/design_1/ipshared/df1b/hdl/axi_protocol_converter_v2_1_vl_rfs.v:2816]
INFO: [Synth 8-638] synthesizing module 'axi_protocol_converter_v2_1_11_b2s_simple_fifo__parameterized0' [/home/marco/Documents/tesis/buildroot_2018_05/Version_Actualizada/vivado_2019_Version/vivado_2019_Version.srcs/sources_1/bd/design_1/ipshared/df1b/hdl/axi_protocol_converter_v2_1_vl_rfs.v:2816]
INFO: [Synth 8-256] done synthesizing module 'axi_protocol_converter_v2_1_11_b2s_simple_fifo__parameterized0' (6#1) [/home/marco/Documents/tesis/buildroot_2018_05/Version_Actualizada/vivado_2019_Version/vivado_2019_Version.srcs/sources_1/bd/design_1/ipshared/df1b/hdl/axi_protocol_converter_v2_1_vl_rfs.v:2816]
INFO: [Synth 8-256] done synthesizing module 'axi_protocol_converter_v2_1_11_b2s_b_channel' (7#1) [/home/marco/Documents/tesis/buildroot_2018_05/Version_Actualizada/vivado_2019_Version/vivado_2019_Version.srcs/sources_1/bd/design_1/ipshared/df1b/hdl/axi_protocol_converter_v2_1_vl_rfs.v:3609]
INFO: [Synth 8-638] synthesizing module 'axi_protocol_converter_v2_1_11_b2s_ar_channel' [/home/marco/Documents/tesis/buildroot_2018_05/Version_Actualizada/vivado_2019_Version/vivado_2019_Version.srcs/sources_1/bd/design_1/ipshared/df1b/hdl/axi_protocol_converter_v2_1_vl_rfs.v:4080]
INFO: [Synth 8-638] synthesizing module 'axi_protocol_converter_v2_1_11_b2s_rd_cmd_fsm' [/home/marco/Documents/tesis/buildroot_2018_05/Version_Actualizada/vivado_2019_Version/vivado_2019_Version.srcs/sources_1/bd/design_1/ipshared/df1b/hdl/axi_protocol_converter_v2_1_vl_rfs.v:3336]
INFO: [Synth 8-256] done synthesizing module 'axi_protocol_converter_v2_1_11_b2s_rd_cmd_fsm' (8#1) [/home/marco/Documents/tesis/buildroot_2018_05/Version_Actualizada/vivado_2019_Version/vivado_2019_Version.srcs/sources_1/bd/design_1/ipshared/df1b/hdl/axi_protocol_converter_v2_1_vl_rfs.v:3336]
INFO: [Synth 8-256] done synthesizing module 'axi_protocol_converter_v2_1_11_b2s_ar_channel' (9#1) [/home/marco/Documents/tesis/buildroot_2018_05/Version_Actualizada/vivado_2019_Version/vivado_2019_Version.srcs/sources_1/bd/design_1/ipshared/df1b/hdl/axi_protocol_converter_v2_1_vl_rfs.v:4080]
INFO: [Synth 8-638] synthesizing module 'axi_protocol_converter_v2_1_11_b2s_r_channel' [/home/marco/Documents/tesis/buildroot_2018_05/Version_Actualizada/vivado_2019_Version/vivado_2019_Version.srcs/sources_1/bd/design_1/ipshared/df1b/hdl/axi_protocol_converter_v2_1_vl_rfs.v:3809]
INFO: [Synth 8-638] synthesizing module 'axi_protocol_converter_v2_1_11_b2s_simple_fifo__parameterized1' [/home/marco/Documents/tesis/buildroot_2018_05/Version_Actualizada/vivado_2019_Version/vivado_2019_Version.srcs/sources_1/bd/design_1/ipshared/df1b/hdl/axi_protocol_converter_v2_1_vl_rfs.v:2816]
INFO: [Synth 8-256] done synthesizing module 'axi_protocol_converter_v2_1_11_b2s_simple_fifo__parameterized1' (9#1) [/home/marco/Documents/tesis/buildroot_2018_05/Version_Actualizada/vivado_2019_Version/vivado_2019_Version.srcs/sources_1/bd/design_1/ipshared/df1b/hdl/axi_protocol_converter_v2_1_vl_rfs.v:2816]
INFO: [Synth 8-638] synthesizing module 'axi_protocol_converter_v2_1_11_b2s_simple_fifo__parameterized2' [/home/marco/Documents/tesis/buildroot_2018_05/Version_Actualizada/vivado_2019_Version/vivado_2019_Version.srcs/sources_1/bd/design_1/ipshared/df1b/hdl/axi_protocol_converter_v2_1_vl_rfs.v:2816]
INFO: [Synth 8-256] done synthesizing module 'axi_protocol_converter_v2_1_11_b2s_simple_fifo__parameterized2' (9#1) [/home/marco/Documents/tesis/buildroot_2018_05/Version_Actualizada/vivado_2019_Version/vivado_2019_Version.srcs/sources_1/bd/design_1/ipshared/df1b/hdl/axi_protocol_converter_v2_1_vl_rfs.v:2816]
INFO: [Synth 8-256] done synthesizing module 'axi_protocol_converter_v2_1_11_b2s_r_channel' (10#1) [/home/marco/Documents/tesis/buildroot_2018_05/Version_Actualizada/vivado_2019_Version/vivado_2019_Version.srcs/sources_1/bd/design_1/ipshared/df1b/hdl/axi_protocol_converter_v2_1_vl_rfs.v:3809]
INFO: [Synth 8-638] synthesizing module 'axi_register_slice_v2_1_11_axi_register_slice' [/home/marco/Documents/tesis/buildroot_2018_05/Version_Actualizada/vivado_2019_Version/vivado_2019_Version.srcs/sources_1/bd/design_1/ipshared/0b6b/hdl/axi_register_slice_v2_1_vl_rfs.v:791]
INFO: [Synth 8-638] synthesizing module 'axi_infrastructure_v1_1_0_axi2vector' [/home/marco/Documents/tesis/buildroot_2018_05/Version_Actualizada/vivado_2019_Version/vivado_2019_Version.srcs/sources_1/bd/design_1/ipshared/7e3a/hdl/axi_infrastructure_v1_1_vl_rfs.v:60]
INFO: [Synth 8-256] done synthesizing module 'axi_infrastructure_v1_1_0_axi2vector' (11#1) [/home/marco/Documents/tesis/buildroot_2018_05/Version_Actualizada/vivado_2019_Version/vivado_2019_Version.srcs/sources_1/bd/design_1/ipshared/7e3a/hdl/axi_infrastructure_v1_1_vl_rfs.v:60]
INFO: [Synth 8-638] synthesizing module 'axi_register_slice_v2_1_11_axic_register_slice' [/home/marco/Documents/tesis/buildroot_2018_05/Version_Actualizada/vivado_2019_Version/vivado_2019_Version.srcs/sources_1/bd/design_1/ipshared/0b6b/hdl/axi_register_slice_v2_1_vl_rfs.v:85]
INFO: [Synth 8-256] done synthesizing module 'axi_register_slice_v2_1_11_axic_register_slice' (12#1) [/home/marco/Documents/tesis/buildroot_2018_05/Version_Actualizada/vivado_2019_Version/vivado_2019_Version.srcs/sources_1/bd/design_1/ipshared/0b6b/hdl/axi_register_slice_v2_1_vl_rfs.v:85]
INFO: [Synth 8-638] synthesizing module 'axi_register_slice_v2_1_11_axic_register_slice__parameterized0' [/home/marco/Documents/tesis/buildroot_2018_05/Version_Actualizada/vivado_2019_Version/vivado_2019_Version.srcs/sources_1/bd/design_1/ipshared/0b6b/hdl/axi_register_slice_v2_1_vl_rfs.v:85]
INFO: [Synth 8-256] done synthesizing module 'axi_register_slice_v2_1_11_axic_register_slice__parameterized0' (12#1) [/home/marco/Documents/tesis/buildroot_2018_05/Version_Actualizada/vivado_2019_Version/vivado_2019_Version.srcs/sources_1/bd/design_1/ipshared/0b6b/hdl/axi_register_slice_v2_1_vl_rfs.v:85]
INFO: [Synth 8-638] synthesizing module 'axi_register_slice_v2_1_11_axic_register_slice__parameterized1' [/home/marco/Documents/tesis/buildroot_2018_05/Version_Actualizada/vivado_2019_Version/vivado_2019_Version.srcs/sources_1/bd/design_1/ipshared/0b6b/hdl/axi_register_slice_v2_1_vl_rfs.v:85]
INFO: [Synth 8-256] done synthesizing module 'axi_register_slice_v2_1_11_axic_register_slice__parameterized1' (12#1) [/home/marco/Documents/tesis/buildroot_2018_05/Version_Actualizada/vivado_2019_Version/vivado_2019_Version.srcs/sources_1/bd/design_1/ipshared/0b6b/hdl/axi_register_slice_v2_1_vl_rfs.v:85]
INFO: [Synth 8-638] synthesizing module 'axi_register_slice_v2_1_11_axic_register_slice__parameterized2' [/home/marco/Documents/tesis/buildroot_2018_05/Version_Actualizada/vivado_2019_Version/vivado_2019_Version.srcs/sources_1/bd/design_1/ipshared/0b6b/hdl/axi_register_slice_v2_1_vl_rfs.v:85]
INFO: [Synth 8-256] done synthesizing module 'axi_register_slice_v2_1_11_axic_register_slice__parameterized2' (12#1) [/home/marco/Documents/tesis/buildroot_2018_05/Version_Actualizada/vivado_2019_Version/vivado_2019_Version.srcs/sources_1/bd/design_1/ipshared/0b6b/hdl/axi_register_slice_v2_1_vl_rfs.v:85]
INFO: [Synth 8-638] synthesizing module 'axi_infrastructure_v1_1_0_vector2axi' [/home/marco/Documents/tesis/buildroot_2018_05/Version_Actualizada/vivado_2019_Version/vivado_2019_Version.srcs/sources_1/bd/design_1/ipshared/7e3a/hdl/axi_infrastructure_v1_1_vl_rfs.v:474]
INFO: [Synth 8-256] done synthesizing module 'axi_infrastructure_v1_1_0_vector2axi' (13#1) [/home/marco/Documents/tesis/buildroot_2018_05/Version_Actualizada/vivado_2019_Version/vivado_2019_Version.srcs/sources_1/bd/design_1/ipshared/7e3a/hdl/axi_infrastructure_v1_1_vl_rfs.v:474]
INFO: [Synth 8-256] done synthesizing module 'axi_register_slice_v2_1_11_axi_register_slice' (14#1) [/home/marco/Documents/tesis/buildroot_2018_05/Version_Actualizada/vivado_2019_Version/vivado_2019_Version.srcs/sources_1/bd/design_1/ipshared/0b6b/hdl/axi_register_slice_v2_1_vl_rfs.v:791]
INFO: [Synth 8-638] synthesizing module 'axi_register_slice_v2_1_11_axi_register_slice__parameterized0' [/home/marco/Documents/tesis/buildroot_2018_05/Version_Actualizada/vivado_2019_Version/vivado_2019_Version.srcs/sources_1/bd/design_1/ipshared/0b6b/hdl/axi_register_slice_v2_1_vl_rfs.v:791]
INFO: [Synth 8-638] synthesizing module 'axi_infrastructure_v1_1_0_axi2vector__parameterized0' [/home/marco/Documents/tesis/buildroot_2018_05/Version_Actualizada/vivado_2019_Version/vivado_2019_Version.srcs/sources_1/bd/design_1/ipshared/7e3a/hdl/axi_infrastructure_v1_1_vl_rfs.v:60]
INFO: [Synth 8-256] done synthesizing module 'axi_infrastructure_v1_1_0_axi2vector__parameterized0' (14#1) [/home/marco/Documents/tesis/buildroot_2018_05/Version_Actualizada/vivado_2019_Version/vivado_2019_Version.srcs/sources_1/bd/design_1/ipshared/7e3a/hdl/axi_infrastructure_v1_1_vl_rfs.v:60]
INFO: [Synth 8-638] synthesizing module 'axi_register_slice_v2_1_11_axic_register_slice__parameterized3' [/home/marco/Documents/tesis/buildroot_2018_05/Version_Actualizada/vivado_2019_Version/vivado_2019_Version.srcs/sources_1/bd/design_1/ipshared/0b6b/hdl/axi_register_slice_v2_1_vl_rfs.v:85]
INFO: [Synth 8-256] done synthesizing module 'axi_register_slice_v2_1_11_axic_register_slice__parameterized3' (14#1) [/home/marco/Documents/tesis/buildroot_2018_05/Version_Actualizada/vivado_2019_Version/vivado_2019_Version.srcs/sources_1/bd/design_1/ipshared/0b6b/hdl/axi_register_slice_v2_1_vl_rfs.v:85]
INFO: [Synth 8-638] synthesizing module 'axi_register_slice_v2_1_11_axic_register_slice__parameterized4' [/home/marco/Documents/tesis/buildroot_2018_05/Version_Actualizada/vivado_2019_Version/vivado_2019_Version.srcs/sources_1/bd/design_1/ipshared/0b6b/hdl/axi_register_slice_v2_1_vl_rfs.v:85]
INFO: [Synth 8-256] done synthesizing module 'axi_register_slice_v2_1_11_axic_register_slice__parameterized4' (14#1) [/home/marco/Documents/tesis/buildroot_2018_05/Version_Actualizada/vivado_2019_Version/vivado_2019_Version.srcs/sources_1/bd/design_1/ipshared/0b6b/hdl/axi_register_slice_v2_1_vl_rfs.v:85]
INFO: [Synth 8-638] synthesizing module 'axi_register_slice_v2_1_11_axic_register_slice__parameterized5' [/home/marco/Documents/tesis/buildroot_2018_05/Version_Actualizada/vivado_2019_Version/vivado_2019_Version.srcs/sources_1/bd/design_1/ipshared/0b6b/hdl/axi_register_slice_v2_1_vl_rfs.v:85]
INFO: [Synth 8-256] done synthesizing module 'axi_register_slice_v2_1_11_axic_register_slice__parameterized5' (14#1) [/home/marco/Documents/tesis/buildroot_2018_05/Version_Actualizada/vivado_2019_Version/vivado_2019_Version.srcs/sources_1/bd/design_1/ipshared/0b6b/hdl/axi_register_slice_v2_1_vl_rfs.v:85]
INFO: [Synth 8-638] synthesizing module 'axi_register_slice_v2_1_11_axic_register_slice__parameterized6' [/home/marco/Documents/tesis/buildroot_2018_05/Version_Actualizada/vivado_2019_Version/vivado_2019_Version.srcs/sources_1/bd/design_1/ipshared/0b6b/hdl/axi_register_slice_v2_1_vl_rfs.v:85]
INFO: [Synth 8-256] done synthesizing module 'axi_register_slice_v2_1_11_axic_register_slice__parameterized6' (14#1) [/home/marco/Documents/tesis/buildroot_2018_05/Version_Actualizada/vivado_2019_Version/vivado_2019_Version.srcs/sources_1/bd/design_1/ipshared/0b6b/hdl/axi_register_slice_v2_1_vl_rfs.v:85]
INFO: [Synth 8-638] synthesizing module 'axi_register_slice_v2_1_11_axic_register_slice__parameterized7' [/home/marco/Documents/tesis/buildroot_2018_05/Version_Actualizada/vivado_2019_Version/vivado_2019_Version.srcs/sources_1/bd/design_1/ipshared/0b6b/hdl/axi_register_slice_v2_1_vl_rfs.v:85]
INFO: [Synth 8-256] done synthesizing module 'axi_register_slice_v2_1_11_axic_register_slice__parameterized7' (14#1) [/home/marco/Documents/tesis/buildroot_2018_05/Version_Actualizada/vivado_2019_Version/vivado_2019_Version.srcs/sources_1/bd/design_1/ipshared/0b6b/hdl/axi_register_slice_v2_1_vl_rfs.v:85]
INFO: [Synth 8-638] synthesizing module 'axi_infrastructure_v1_1_0_vector2axi__parameterized0' [/home/marco/Documents/tesis/buildroot_2018_05/Version_Actualizada/vivado_2019_Version/vivado_2019_Version.srcs/sources_1/bd/design_1/ipshared/7e3a/hdl/axi_infrastructure_v1_1_vl_rfs.v:474]
INFO: [Synth 8-256] done synthesizing module 'axi_infrastructure_v1_1_0_vector2axi__parameterized0' (14#1) [/home/marco/Documents/tesis/buildroot_2018_05/Version_Actualizada/vivado_2019_Version/vivado_2019_Version.srcs/sources_1/bd/design_1/ipshared/7e3a/hdl/axi_infrastructure_v1_1_vl_rfs.v:474]
INFO: [Synth 8-256] done synthesizing module 'axi_register_slice_v2_1_11_axi_register_slice__parameterized0' (14#1) [/home/marco/Documents/tesis/buildroot_2018_05/Version_Actualizada/vivado_2019_Version/vivado_2019_Version.srcs/sources_1/bd/design_1/ipshared/0b6b/hdl/axi_register_slice_v2_1_vl_rfs.v:791]
INFO: [Synth 8-256] done synthesizing module 'axi_protocol_converter_v2_1_11_b2s' (15#1) [/home/marco/Documents/tesis/buildroot_2018_05/Version_Actualizada/vivado_2019_Version/vivado_2019_Version.srcs/sources_1/bd/design_1/ipshared/df1b/hdl/axi_protocol_converter_v2_1_vl_rfs.v:4224]
INFO: [Synth 8-256] done synthesizing module 'axi_protocol_converter_v2_1_11_axi_protocol_converter' (16#1) [/home/marco/Documents/tesis/buildroot_2018_05/Version_Actualizada/vivado_2019_Version/vivado_2019_Version.srcs/sources_1/bd/design_1/ipshared/df1b/hdl/axi_protocol_converter_v2_1_vl_rfs.v:4806]
INFO: [Synth 8-256] done synthesizing module 'design_1_auto_pc_0' (17#1) [/home/marco/Documents/tesis/buildroot_2018_05/Version_Actualizada/vivado_2019_Version/vivado_2019_Version.srcs/sources_1/bd/design_1/ip/design_1_auto_pc_0/synth/design_1_auto_pc_0.v:58]
Finished RTL Elaboration : Time (s): cpu = 00:00:42 ; elapsed = 00:00:44 . Memory (MB): peak = 1228.215 ; gain = 296.555 ; free physical = 837 ; free virtual = 7971
Finished RTL Optimization Phase 1 : Time (s): cpu = 00:00:43 ; elapsed = 00:00:45 . Memory (MB): peak = 1228.215 ; gain = 296.555 ; free physical = 838 ; free virtual = 7971
INFO: [Device 21-403] Loading part xc7z020clg484-1
Constraint Validation Runtime : Time (s): cpu = 00:00:00.08 ; elapsed = 00:00:00.11 . Memory (MB): peak = 1507.035 ; gain = 0.000 ; free physical = 1807 ; free virtual = 8942
Finished Constraint Validation : Time (s): cpu = 00:00:55 ; elapsed = 00:00:59 . Memory (MB): peak = 1507.035 ; gain = 575.375 ; free physical = 1628 ; free virtual = 8763
Finished Loading Part and Timing Information : Time (s): cpu = 00:00:55 ; elapsed = 00:00:59 . Memory (MB): peak = 1507.035 ; gain = 575.375 ; free physical = 1628 ; free virtual = 8763
Finished applying 'set_property' XDC Constraints : Time (s): cpu = 00:00:55 ; elapsed = 00:00:59 . Memory (MB): peak = 1507.035 ; gain = 575.375 ; free physical = 1628 ; free virtual = 8763
Finished RTL Optimization Phase 2 : Time (s): cpu = 00:00:56 ; elapsed = 00:01:00 . Memory (MB): peak = 1507.035 ; gain = 575.375 ; free physical = 1592 ; free virtual = 8727
Finished Cross Boundary and Area Optimization : Time (s): cpu = 00:00:59 ; elapsed = 00:01:03 . Memory (MB): peak = 1507.035 ; gain = 575.375 ; free physical = 1394 ; free virtual = 8530
Finished Applying XDC Timing Constraints : Time (s): cpu = 00:01:09 ; elapsed = 00:01:14 . Memory (MB): peak = 1507.035 ; gain = 575.375 ; free physical = 1074 ; free virtual = 8210
Finished Timing Optimization : Time (s): cpu = 00:01:11 ; elapsed = 00:01:16 . Memory (MB): peak = 1520.637 ; gain = 588.977 ; free physical = 979 ; free virtual = 8115
Finished Technology Mapping : Time (s): cpu = 00:01:12 ; elapsed = 00:01:16 . Memory (MB): peak = 1528.645 ; gain = 596.984 ; free physical = 961 ; free virtual = 8097
Finished IO Insertion : Time (s): cpu = 00:01:12 ; elapsed = 00:01:17 . Memory (MB): peak = 1528.645 ; gain = 596.984 ; free physical = 947 ; free virtual = 8083
Finished Renaming Generated Instances : Time (s): cpu = 00:01:12 ; elapsed = 00:01:17 . Memory (MB): peak = 1528.645 ; gain = 596.984 ; free physical = 947 ; free virtual = 8083
Finished Rebuilding User Hierarchy : Time (s): cpu = 00:01:13 ; elapsed = 00:01:17 . Memory (MB): peak = 1528.645 ; gain = 596.984 ; free physical = 944 ; free virtual = 8079
Finished Renaming Generated Ports : Time (s): cpu = 00:01:13 ; elapsed = 00:01:17 . Memory (MB): peak = 1528.645 ; gain = 596.984 ; free physical = 943 ; free virtual = 8079
Finished Handling Custom Attributes : Time (s): cpu = 00:01:13 ; elapsed = 00:01:17 . Memory (MB): peak = 1528.645 ; gain = 596.984 ; free physical = 941 ; free virtual = 8077
Finished Renaming Generated Nets : Time (s): cpu = 00:01:13 ; elapsed = 00:01:17 . Memory (MB): peak = 1528.645 ; gain = 596.984 ; free physical = 941 ; free virtual = 8077

Report Cell Usage: 
+------+--------+------+
|      |Cell    |Count |
+------+--------+------+
|1     |CARRY4  |    18|
|2     |LUT1    |    38|
|3     |LUT2    |    18|
|4     |LUT3    |   235|
|5     |LUT4    |    41|
|6     |LUT5    |    70|
|7     |LUT6    |   106|
|8     |SRL16E  |    18|
|9     |SRLC32E |    47|
|10    |FDRE    |   548|
|11    |FDSE    |    51|
+------+--------+------+
Finished Writing Synthesis Report : Time (s): cpu = 00:01:13 ; elapsed = 00:01:17 . Memory (MB): peak = 1528.645 ; gain = 596.984 ; free physical = 941 ; free virtual = 8077
synth_design: Time (s): cpu = 00:01:10 ; elapsed = 00:01:14 . Memory (MB): peak = 1528.652 ; gain = 508.488 ; free physical = 860 ; free virtual = 8000
