

================================================================
== Vivado HLS Report for 'Simulate_HW'
================================================================
* Date:           Sat Nov  3 17:03:38 2018

* Version:        2016.4 (Build 1756540 on Mon Jan 23 19:31:01 MST 2017)
* Project:        IP_2018_v2
* Solution:       solution1
* Product family: zynq
* Target device:  xc7z020clg484-1


================================================================
== Performance Estimates
================================================================
+ Timing (ns): 
    * Summary: 
    +--------+-------+----------+------------+
    |  Clock | Target| Estimated| Uncertainty|
    +--------+-------+----------+------------+
    |ap_clk  |  10.00|      5.88|        6.00|
    +--------+-------+----------+------------+

+ Latency (clock cycles): 
    * Summary: 
    +-----+-----+-----+-----+----------+
    |  Latency  |  Interval | Pipeline |
    | min | max | min | max |   Type   |
    +-----+-----+-----+-----+----------+
    |    ?|    ?|    ?|    ?| dataflow |
    +-----+-----+-----+-----+----------+

    + Detail: 
        * Instance: 
        N/A

        * Loop: 
        N/A

============================================================
+ Verbose Summary: Synthesis Manager
============================================================
InlineROM: 1
ExposeGlobal: 0
============================================================
+ Verbose Summary: CDFG Model
============================================================
IsTopModel: 1
ResetActiveHigh: 1
IsCombinational: 2
IsDatapathOnly: 0
HasWiredReturn: 1
HasMFsm: 0
HasVarLatency: 1
IsPipeline: 0
IsRtlPipelined: 0
IsInstanceOverlapped: 0
IsDontTouch: 0
HasImplIP: 0
IsGatedGlobalClock: 0


============================================================
+ Verbose Summary: Schedule
============================================================
* Number of FSM states: 4
* Pipeline: 0
* Dataflow Pipeline: 1
  DF-Pipeline-0: Size = 4, States = { 1 2 3 4 }

* FSM state transitions: 
1 --> 
	2  / true
2 --> 
	3  / true
3 --> 
	4  / true
4 --> 
* FSM state operations: 

 <State 1>: 1.00ns
ST_1: size_read (37)  [2/2] 1.00ns
codeRepl:11  %size_read = call i32 @_ssdm_op_Read.s_axilite.i32(i32 %size)


 <State 2>: 1.00ns
ST_2: size_read (37)  [1/2] 1.00ns
codeRepl:11  %size_read = call i32 @_ssdm_op_Read.s_axilite.i32(i32 %size)

ST_2: StgValue_7 (38)  [2/2] 0.00ns
codeRepl:12  call fastcc void @Loop_ROW_LOOP_proc(i32 %size_read, float* %input_V_data, i1* %input_V_last_V, float* %output_V_data, i1* %output_V_last_V)


 <State 3>: 0.00ns
ST_3: StgValue_8 (38)  [1/2] 0.00ns
codeRepl:12  call fastcc void @Loop_ROW_LOOP_proc(i32 %size_read, float* %input_V_data, i1* %input_V_last_V, float* %output_V_data, i1* %output_V_last_V)


 <State 4>: 0.00ns
ST_4: StgValue_9 (26)  [1/1] 0.00ns  loc: IP_2018_v2/solution1/Stream.cpp:17
codeRepl:0  call void (...)* @_ssdm_op_SpecDataflowPipeline(i32 -1, [1 x i8]* @p_str2) nounwind

ST_4: StgValue_10 (27)  [1/1] 0.00ns
codeRepl:1  call void (...)* @_ssdm_op_SpecBitsMap(float* %input_V_data), !map !1216

ST_4: StgValue_11 (28)  [1/1] 0.00ns
codeRepl:2  call void (...)* @_ssdm_op_SpecBitsMap(i1* %input_V_last_V), !map !1222

ST_4: StgValue_12 (29)  [1/1] 0.00ns
codeRepl:3  call void (...)* @_ssdm_op_SpecBitsMap(float* %output_V_data), !map !1226

ST_4: StgValue_13 (30)  [1/1] 0.00ns
codeRepl:4  call void (...)* @_ssdm_op_SpecBitsMap(i1* %output_V_last_V), !map !1230

ST_4: StgValue_14 (31)  [1/1] 0.00ns
codeRepl:5  call void (...)* @_ssdm_op_SpecBitsMap(i32 %size), !map !1234

ST_4: StgValue_15 (32)  [1/1] 0.00ns
codeRepl:6  call void (...)* @_ssdm_op_SpecTopModule([12 x i8]* @Simulate_HW_str) nounwind

ST_4: StgValue_16 (33)  [1/1] 0.00ns  loc: IP_2018_v2/solution1/Stream.cpp:21
codeRepl:7  call void (...)* @_ssdm_op_SpecInterface(i32 0, [10 x i8]* @p_str23, i32 0, i32 0, [1 x i8]* @p_str2, i32 0, i32 0, [1 x i8]* @p_str2, [1 x i8]* @p_str2, [1 x i8]* @p_str2, i32 0, i32 0, i32 0, i32 0, [1 x i8]* @p_str2, [1 x i8]* @p_str2) nounwind

ST_4: StgValue_17 (34)  [1/1] 0.00ns  loc: IP_2018_v2/solution1/Stream.cpp:22
codeRepl:8  call void (...)* @_ssdm_op_SpecInterface(float* %input_V_data, i1* %input_V_last_V, [5 x i8]* @p_str34, i32 1, i32 1, [5 x i8]* @p_str4, i32 0, i32 0, [1 x i8]* @p_str2, [1 x i8]* @p_str2, [1 x i8]* @p_str2, i32 0, i32 0, i32 0, i32 0, [1 x i8]* @p_str2, [1 x i8]* @p_str2) nounwind

ST_4: StgValue_18 (35)  [1/1] 0.00ns  loc: IP_2018_v2/solution1/Stream.cpp:23
codeRepl:9  call void (...)* @_ssdm_op_SpecInterface(float* %output_V_data, i1* %output_V_last_V, [5 x i8]* @p_str34, i32 1, i32 1, [5 x i8]* @p_str4, i32 0, i32 0, [1 x i8]* @p_str2, [1 x i8]* @p_str2, [1 x i8]* @p_str2, i32 0, i32 0, i32 0, i32 0, [1 x i8]* @p_str2, [1 x i8]* @p_str2) nounwind

ST_4: StgValue_19 (36)  [1/1] 0.00ns  loc: IP_2018_v2/solution1/Stream.cpp:24
codeRepl:10  call void (...)* @_ssdm_op_SpecInterface(i32 %size, [10 x i8]* @p_str23, i32 1, i32 1, [1 x i8]* @p_str2, i32 0, i32 0, [1 x i8]* @p_str2, [1 x i8]* @p_str2, [1 x i8]* @p_str2, i32 0, i32 0, i32 0, i32 0, [1 x i8]* @p_str2, [1 x i8]* @p_str2) nounwind

ST_4: StgValue_20 (39)  [1/1] 0.00ns  loc: IP_2018_v2/solution1/Stream.cpp:89
codeRepl:13  ret void



============================================================
+ Verbose Summary: Timing violations
============================================================
Target clock period: 10ns, clock uncertainty: 6ns.

 <State 1>: 1ns
The critical path consists of the following:
	s_axi read on port 'size' [37]  (1 ns)

 <State 2>: 1ns
The critical path consists of the following:
	s_axi read on port 'size' [37]  (1 ns)

 <State 3>: 0ns
The critical path consists of the following:

 <State 4>: 0ns
The critical path consists of the following:


============================================================
+ Verbose Summary: Binding
============================================================
N/A
* FSMD analyzer results:
  - Output states:
 - Input state : 
  - Chain level:
	State 1
	State 2
	State 3
	State 4


============================================================
+ Verbose Summary: Datapath Resource usage 
============================================================
N/A
