
****** Vivado v2016.4 (64-bit)
  **** SW Build 1756540 on Mon Jan 23 19:11:19 MST 2017
  **** IP Build 1755317 on Mon Jan 23 20:30:07 MST 2017
    ** Copyright 1986-2016 Xilinx, Inc. All Rights Reserved.

source run_ippack.tcl -notrace
INFO: [IP_Flow 19-234] Refreshing IP repositories
INFO: [IP_Flow 19-1704] No user IP repositories specified
INFO: [IP_Flow 19-2313] Loaded Vivado IP repository '/opt/pkg/Vivado/Vivado/2016.4/data/ip'.
WARNING: [IP_Flow 19-4832] The IP name 'Simulate_HW_ap_fmul_5_max_dsp_32' you have specified is long. The Windows operating system has path length limitations. It is recommended you use shorter names to reduce the likelihood of issues.
INFO: [IP_Flow 19-1686] Generating 'Synthesis' target for IP 'Simulate_HW_ap_fmul_5_max_dsp_32'...
INFO: [IP_Flow 19-1686] Generating 'Simulation' target for IP 'Simulate_HW_ap_fmul_5_max_dsp_32'...
WARNING: [IP_Flow 19-4832] The IP name 'Simulate_HW_ap_dadd_14_full_dsp_64' you have specified is long. The Windows operating system has path length limitations. It is recommended you use shorter names to reduce the likelihood of issues.
INFO: [IP_Flow 19-1686] Generating 'Synthesis' target for IP 'Simulate_HW_ap_dadd_14_full_dsp_64'...
INFO: [IP_Flow 19-1686] Generating 'Simulation' target for IP 'Simulate_HW_ap_dadd_14_full_dsp_64'...
WARNING: [IP_Flow 19-4832] The IP name 'Simulate_HW_ap_fptrunc_3_no_dsp_64' you have specified is long. The Windows operating system has path length limitations. It is recommended you use shorter names to reduce the likelihood of issues.
INFO: [IP_Flow 19-1686] Generating 'Synthesis' target for IP 'Simulate_HW_ap_fptrunc_3_no_dsp_64'...
INFO: [IP_Flow 19-1686] Generating 'Simulation' target for IP 'Simulate_HW_ap_fptrunc_3_no_dsp_64'...
WARNING: [IP_Flow 19-4832] The IP name 'Simulate_HW_ap_faddfsub_8_full_dsp_32' you have specified is long. The Windows operating system has path length limitations. It is recommended you use shorter names to reduce the likelihood of issues.
INFO: [IP_Flow 19-1686] Generating 'Synthesis' target for IP 'Simulate_HW_ap_faddfsub_8_full_dsp_32'...
INFO: [IP_Flow 19-1686] Generating 'Simulation' target for IP 'Simulate_HW_ap_faddfsub_8_full_dsp_32'...
WARNING: [IP_Flow 19-4832] The IP name 'Simulate_HW_ap_dmul_15_max_dsp_64' you have specified is long. The Windows operating system has path length limitations. It is recommended you use shorter names to reduce the likelihood of issues.
INFO: [IP_Flow 19-1686] Generating 'Synthesis' target for IP 'Simulate_HW_ap_dmul_15_max_dsp_64'...
INFO: [IP_Flow 19-1686] Generating 'Simulation' target for IP 'Simulate_HW_ap_dmul_15_max_dsp_64'...
WARNING: [IP_Flow 19-4832] The IP name 'Simulate_HW_ap_fexp_29_full_dsp_32' you have specified is long. The Windows operating system has path length limitations. It is recommended you use shorter names to reduce the likelihood of issues.
INFO: [IP_Flow 19-1686] Generating 'Synthesis' target for IP 'Simulate_HW_ap_fexp_29_full_dsp_32'...
INFO: [IP_Flow 19-1686] Generating 'Simulation' target for IP 'Simulate_HW_ap_fexp_29_full_dsp_32'...
WARNING: [IP_Flow 19-4832] The IP name 'Simulate_HW_ap_fpext_1_no_dsp_32' you have specified is long. The Windows operating system has path length limitations. It is recommended you use shorter names to reduce the likelihood of issues.
INFO: [IP_Flow 19-1686] Generating 'Synthesis' target for IP 'Simulate_HW_ap_fpext_1_no_dsp_32'...
INFO: [IP_Flow 19-1686] Generating 'Simulation' target for IP 'Simulate_HW_ap_fpext_1_no_dsp_32'...
INFO: [IP_Flow 19-234] Refreshing IP repositories
INFO: [IP_Flow 19-1704] No user IP repositories specified
INFO: [IP_Flow 19-2313] Loaded Vivado IP repository '/opt/pkg/Vivado/Vivado/2016.4/data/ip'.
INFO: [Common 17-206] Exiting Vivado at Sat Nov  3 17:04:14 2018...
