awk: symbol lookup error: awk: undefined symbol: mpfr_z_sub
INFO: [HLS 200-10] Running '/opt/pkg/Vivado/Vivado_HLS/2016.4/bin/unwrapped/lnx64.o/vivado_hls'
INFO: [HLS 200-10] For user 'marco' on host 'marco-HP-Notebook' (Linux_x86_64 version 4.15.0-36-generic) on Sat Oct 27 15:30:10 CST 2018
INFO: [HLS 200-10] On os Ubuntu 16.04.5 LTS
INFO: [HLS 200-10] In directory '/home/marco/Documents/tesis/buildroot_2018_05/Version_Actualizada/project_HLS'
INFO: [HLS 200-10] Opening project '/home/marco/Documents/tesis/buildroot_2018_05/Version_Actualizada/project_HLS/IP_2018'.
INFO: [HLS 200-10] Opening solution '/home/marco/Documents/tesis/buildroot_2018_05/Version_Actualizada/project_HLS/IP_2018/solution1'.
INFO: [SYN 201-201] Setting up clock 'default' with a period of 10ns.
INFO: [SYN 201-201] Setting up clock 'default' with an uncertainty of 6ns.
INFO: [HLS 200-10] Setting target device to 'xc7z020clg484-1'
INFO: [IMPL 213-8] Exporting RTL as an IP in IP-XACT.
awk: symbol lookup error: awk: undefined symbol: mpfr_z_sub

****** Vivado v2016.4 (64-bit)
  **** SW Build 1756540 on Mon Jan 23 19:11:19 MST 2017
  **** IP Build 1755317 on Mon Jan 23 20:30:07 MST 2017
    ** Copyright 1986-2016 Xilinx, Inc. All Rights Reserved.

source run_ippack.tcl -notrace
INFO: [IP_Flow 19-234] Refreshing IP repositories
INFO: [IP_Flow 19-1704] No user IP repositories specified
INFO: [IP_Flow 19-2313] Loaded Vivado IP repository '/opt/pkg/Vivado/Vivado/2016.4/data/ip'.
WARNING: [IP_Flow 19-4832] The IP name 'Simulate_HW_ap_fmul_5_max_dsp_32' you have specified is long. The Windows operating system has path length limitations. It is recommended you use shorter names to reduce the likelihood of issues.
INFO: [IP_Flow 19-1686] Generating 'Synthesis' target for IP 'Simulate_HW_ap_fmul_5_max_dsp_32'...
INFO: [IP_Flow 19-1686] Generating 'Simulation' target for IP 'Simulate_HW_ap_fmul_5_max_dsp_32'...
WARNING: [IP_Flow 19-4832] The IP name 'Simulate_HW_ap_dadd_14_full_dsp_64' you have specified is long. The Windows operating system has path length limitations. It is recommended you use shorter names to reduce the likelihood of issues.
INFO: [IP_Flow 19-1686] Generating 'Synthesis' target for IP 'Simulate_HW_ap_dadd_14_full_dsp_64'...
INFO: [IP_Flow 19-1686] Generating 'Simulation' target for IP 'Simulate_HW_ap_dadd_14_full_dsp_64'...
WARNING: [IP_Flow 19-4832] The IP name 'Simulate_HW_ap_fptrunc_3_no_dsp_64' you have specified is long. The Windows operating system has path length limitations. It is recommended you use shorter names to reduce the likelihood of issues.
INFO: [IP_Flow 19-1686] Generating 'Synthesis' target for IP 'Simulate_HW_ap_fptrunc_3_no_dsp_64'...
INFO: [IP_Flow 19-1686] Generating 'Simulation' target for IP 'Simulate_HW_ap_fptrunc_3_no_dsp_64'...
WARNING: [IP_Flow 19-4832] The IP name 'Simulate_HW_ap_faddfsub_8_full_dsp_32' you have specified is long. The Windows operating system has path length limitations. It is recommended you use shorter names to reduce the likelihood of issues.
INFO: [IP_Flow 19-1686] Generating 'Synthesis' target for IP 'Simulate_HW_ap_faddfsub_8_full_dsp_32'...
INFO: [IP_Flow 19-1686] Generating 'Simulation' target for IP 'Simulate_HW_ap_faddfsub_8_full_dsp_32'...
WARNING: [IP_Flow 19-4832] The IP name 'Simulate_HW_ap_dmul_15_max_dsp_64' you have specified is long. The Windows operating system has path length limitations. It is recommended you use shorter names to reduce the likelihood of issues.
INFO: [IP_Flow 19-1686] Generating 'Synthesis' target for IP 'Simulate_HW_ap_dmul_15_max_dsp_64'...
INFO: [IP_Flow 19-1686] Generating 'Simulation' target for IP 'Simulate_HW_ap_dmul_15_max_dsp_64'...
WARNING: [IP_Flow 19-4832] The IP name 'Simulate_HW_ap_fexp_29_full_dsp_32' you have specified is long. The Windows operating system has path length limitations. It is recommended you use shorter names to reduce the likelihood of issues.
INFO: [IP_Flow 19-1686] Generating 'Synthesis' target for IP 'Simulate_HW_ap_fexp_29_full_dsp_32'...
INFO: [IP_Flow 19-1686] Generating 'Simulation' target for IP 'Simulate_HW_ap_fexp_29_full_dsp_32'...
WARNING: [IP_Flow 19-4832] The IP name 'Simulate_HW_ap_fsub_8_full_dsp_32' you have specified is long. The Windows operating system has path length limitations. It is recommended you use shorter names to reduce the likelihood of issues.
INFO: [IP_Flow 19-1686] Generating 'Synthesis' target for IP 'Simulate_HW_ap_fsub_8_full_dsp_32'...
INFO: [IP_Flow 19-1686] Generating 'Simulation' target for IP 'Simulate_HW_ap_fsub_8_full_dsp_32'...
WARNING: [IP_Flow 19-4832] The IP name 'Simulate_HW_ap_fpext_1_no_dsp_32' you have specified is long. The Windows operating system has path length limitations. It is recommended you use shorter names to reduce the likelihood of issues.
INFO: [IP_Flow 19-1686] Generating 'Synthesis' target for IP 'Simulate_HW_ap_fpext_1_no_dsp_32'...
INFO: [IP_Flow 19-1686] Generating 'Simulation' target for IP 'Simulate_HW_ap_fpext_1_no_dsp_32'...
INFO: [IP_Flow 19-234] Refreshing IP repositories
INFO: [IP_Flow 19-1704] No user IP repositories specified
INFO: [IP_Flow 19-2313] Loaded Vivado IP repository '/opt/pkg/Vivado/Vivado/2016.4/data/ip'.
INFO: [Common 17-206] Exiting Vivado at Sat Oct 27 15:30:26 2018...
