
*** Running vivado
    with args -log design_1_processing_system7_0_0.vds -m64 -product Vivado -mode batch -messageDb vivado.pb -notrace -source design_1_processing_system7_0_0.tcl

awk: symbol lookup error: awk: undefined symbol: mpfr_z_sub

****** Vivado v2016.4 (64-bit)
  **** SW Build 1756540 on Mon Jan 23 19:11:19 MST 2017
  **** IP Build 1755317 on Mon Jan 23 20:30:07 MST 2017
    ** Copyright 1986-2016 Xilinx, Inc. All Rights Reserved.

source design_1_processing_system7_0_0.tcl -notrace
awk: symbol lookup error: awk: undefined symbol: mpfr_z_sub
Starting RTL Elaboration : Time (s): cpu = 00:00:07 ; elapsed = 00:00:07 . Memory (MB): peak = 1113.746 ; gain = 182.086 ; free physical = 1947 ; free virtual = 8677
INFO: [Synth 8-638] synthesizing module 'design_1_processing_system7_0_0' [/home/marco/Documents/tesis/buildroot_2018_05/Version_Actualizada/vivado_2019_Version/vivado_2019_Version.srcs/sources_1/bd/design_1/ip/design_1_processing_system7_0_0/synth/design_1_processing_system7_0_0.v:60]
INFO: [Synth 8-638] synthesizing module 'processing_system7_v5_5_processing_system7' [/home/marco/Documents/tesis/buildroot_2018_05/Version_Actualizada/vivado_2019_Version/vivado_2019_Version.srcs/sources_1/bd/design_1/ip/design_1_processing_system7_0_0/hdl/verilog/processing_system7_v5_5_processing_system7.v:161]
INFO: [Synth 8-638] synthesizing module 'BUFG' [/opt/pkg/Vivado/Vivado/2016.4/scripts/rt/data/unisim_comp.v:607]
INFO: [Synth 8-256] done synthesizing module 'BUFG' (1#1) [/opt/pkg/Vivado/Vivado/2016.4/scripts/rt/data/unisim_comp.v:607]
INFO: [Synth 8-638] synthesizing module 'BIBUF' [/opt/pkg/Vivado/Vivado/2016.4/scripts/rt/data/unisim_comp.v:268]
INFO: [Synth 8-256] done synthesizing module 'BIBUF' (2#1) [/opt/pkg/Vivado/Vivado/2016.4/scripts/rt/data/unisim_comp.v:268]
INFO: [Synth 8-638] synthesizing module 'PS7' [/opt/pkg/Vivado/Vivado/2016.4/scripts/rt/data/unisim_comp.v:33182]
INFO: [Synth 8-256] done synthesizing module 'PS7' (3#1) [/opt/pkg/Vivado/Vivado/2016.4/scripts/rt/data/unisim_comp.v:33182]
INFO: [Synth 8-256] done synthesizing module 'processing_system7_v5_5_processing_system7' (4#1) [/home/marco/Documents/tesis/buildroot_2018_05/Version_Actualizada/vivado_2019_Version/vivado_2019_Version.srcs/sources_1/bd/design_1/ip/design_1_processing_system7_0_0/hdl/verilog/processing_system7_v5_5_processing_system7.v:161]
INFO: [Synth 8-256] done synthesizing module 'design_1_processing_system7_0_0' (5#1) [/home/marco/Documents/tesis/buildroot_2018_05/Version_Actualizada/vivado_2019_Version/vivado_2019_Version.srcs/sources_1/bd/design_1/ip/design_1_processing_system7_0_0/synth/design_1_processing_system7_0_0.v:60]
Finished RTL Elaboration : Time (s): cpu = 00:00:08 ; elapsed = 00:00:08 . Memory (MB): peak = 1154.215 ; gain = 222.555 ; free physical = 1891 ; free virtual = 8622
Finished RTL Optimization Phase 1 : Time (s): cpu = 00:00:08 ; elapsed = 00:00:08 . Memory (MB): peak = 1154.215 ; gain = 222.555 ; free physical = 1875 ; free virtual = 8606
INFO: [Device 21-403] Loading part xc7z020clg484-1
Constraint Validation Runtime : Time (s): cpu = 00:00:00.03 ; elapsed = 00:00:00.03 . Memory (MB): peak = 1427.254 ; gain = 0.000 ; free physical = 1544 ; free virtual = 8274
Finished Constraint Validation : Time (s): cpu = 00:00:17 ; elapsed = 00:00:17 . Memory (MB): peak = 1427.254 ; gain = 495.594 ; free physical = 1544 ; free virtual = 8275
Finished Loading Part and Timing Information : Time (s): cpu = 00:00:17 ; elapsed = 00:00:17 . Memory (MB): peak = 1427.254 ; gain = 495.594 ; free physical = 1544 ; free virtual = 8275
Finished applying 'set_property' XDC Constraints : Time (s): cpu = 00:00:17 ; elapsed = 00:00:18 . Memory (MB): peak = 1427.254 ; gain = 495.594 ; free physical = 1544 ; free virtual = 8275
Finished RTL Optimization Phase 2 : Time (s): cpu = 00:00:18 ; elapsed = 00:00:18 . Memory (MB): peak = 1427.254 ; gain = 495.594 ; free physical = 1537 ; free virtual = 8268
Finished Cross Boundary and Area Optimization : Time (s): cpu = 00:00:18 ; elapsed = 00:00:18 . Memory (MB): peak = 1435.262 ; gain = 503.602 ; free physical = 1521 ; free virtual = 8252
Finished Applying XDC Timing Constraints : Time (s): cpu = 00:00:25 ; elapsed = 00:00:25 . Memory (MB): peak = 1626.262 ; gain = 694.602 ; free physical = 1812 ; free virtual = 8543
Finished Timing Optimization : Time (s): cpu = 00:00:25 ; elapsed = 00:00:25 . Memory (MB): peak = 1647.270 ; gain = 715.609 ; free physical = 1792 ; free virtual = 8523
Finished Technology Mapping : Time (s): cpu = 00:00:26 ; elapsed = 00:00:27 . Memory (MB): peak = 1655.277 ; gain = 723.617 ; free physical = 1783 ; free virtual = 8514
Finished IO Insertion : Time (s): cpu = 00:00:27 ; elapsed = 00:00:28 . Memory (MB): peak = 1655.277 ; gain = 723.617 ; free physical = 1783 ; free virtual = 8515
Finished Renaming Generated Instances : Time (s): cpu = 00:00:27 ; elapsed = 00:00:28 . Memory (MB): peak = 1655.277 ; gain = 723.617 ; free physical = 1783 ; free virtual = 8515
Finished Rebuilding User Hierarchy : Time (s): cpu = 00:00:27 ; elapsed = 00:00:28 . Memory (MB): peak = 1655.277 ; gain = 723.617 ; free physical = 1783 ; free virtual = 8515
Finished Renaming Generated Ports : Time (s): cpu = 00:00:27 ; elapsed = 00:00:28 . Memory (MB): peak = 1655.277 ; gain = 723.617 ; free physical = 1783 ; free virtual = 8515
Finished Handling Custom Attributes : Time (s): cpu = 00:00:27 ; elapsed = 00:00:28 . Memory (MB): peak = 1655.277 ; gain = 723.617 ; free physical = 1783 ; free virtual = 8515
Finished Renaming Generated Nets : Time (s): cpu = 00:00:27 ; elapsed = 00:00:28 . Memory (MB): peak = 1655.277 ; gain = 723.617 ; free physical = 1783 ; free virtual = 8515

Report Cell Usage: 
+------+------+------+
|      |Cell  |Count |
+------+------+------+
|1     |BIBUF |   130|
|2     |BUFG  |     1|
|3     |LUT1  |   112|
|4     |PS7   |     1|
+------+------+------+
Finished Writing Synthesis Report : Time (s): cpu = 00:00:27 ; elapsed = 00:00:28 . Memory (MB): peak = 1655.277 ; gain = 723.617 ; free physical = 1783 ; free virtual = 8515
synth_design: Time (s): cpu = 00:00:26 ; elapsed = 00:00:26 . Memory (MB): peak = 1666.277 ; gain = 640.113 ; free physical = 1759 ; free virtual = 8489
