[INFO] generating Kconfig for project
rlwrap: warning: your $TERM is 'xterm-256color' but rlwrap couldn't find it in the terminfo database. Expect some problems.: Inappropriate ioctl for device
[INFO] menuconfig project
[INFO] sourcing bitbake
SDK environment now set up; additionally you may now run devtool to perform development tasks.
Run devtool --help for further details.
You had no conf/local.conf file. This configuration file has therefore been
created for you with some default values. You may wish to edit it to, for
example, select a different MACHINE (target hardware). See conf/local.conf
for more information as common configuration options are commented.

You had no conf/bblayers.conf file. This configuration file has therefore been
created for you with some default values. To add additional metadata layers
into your configuration please add entries to conf/bblayers.conf.

The Yocto Project has extensive documentation about OE including a reference
manual which can be found at:
    http://yoctoproject.org/documentation

For more information about OpenEmbedded see their website:
    http://www.openembedded.org/


### Shell environment set up for builds. ###

You can now run 'bitbake <target>'

[INFO] generating plnxtool conf
[INFO] generating meta-plnx-generated layer

New layer created in meta-plnx-generated.

Don't forget to add it to your BBLAYERS (for details see meta-plnx-generated/README).
INFO: Layer Dosent exists, creating new
	yocto-layer create plnx-generated -i new.json
	bitbake-layers add-layer /home/marco/Documents/tesis/others/petalinux/dma-mapped/project-spec/meta-plnx-generated
[INFO] generating machine configuration
[INFO] generating bbappends for project . This may take time ! 
Specified layer /home/marco/Documents/tesis/others/petalinux/dma-mapped/project-spec/meta-plnx-generated is already in BBLAYERS
Parsing recipes..done.
Parsing recipes..done.
Parsing recipes..done.
Parsing recipes..done.
Parsing recipes..done.
	INFO:CONFIG_SUBSYSTEM_COMPONENT_U__BOOT_NAME_REMOTE_DOWNLOAD_PATH not define in system config
	INFO:CONFIG_SUBSYSTEM_COMPONENT_U__BOOT_NAME_REMOTE not define in system config
	INFO:CONFIG_SUBSYSTEM_COMPONENT_U__BOOT_NAME_REMOTE_REFERENCE not define in system config
	INFO:CONFIG_SUBSYSTEM_COMPONENT_U__BOOT_NAME_REMOTE not define in system config
	INFO:CONFIG_SUBSYSTEM_COMPONENT_LINUX__KERNEL_NAME_REMOTE_DOWNLOAD_PATH not define in system config
	INFO:CONFIG_SUBSYSTEM_COMPONENT_LINUX__KERNEL_NAME_REMOTE not define in system config
	INFO:CONFIG_SUBSYSTEM_COMPONENT_LINUX__KERNEL_NAME_REMOTE_REFERENCE not define in system config
	INFO:CONFIG_SUBSYSTEM_COMPONENT_LINUX__KERNEL_NAME_REMOTE not define in system config
INFO: Layer Already Exists, using the same
INFO: bbappends.json not found, Creating new
>recipetool newappend -w /home/marco/Documents/tesis/others/petalinux/dma-mapped/project-spec/meta-plnx-generated virtual/fsbl
>recipetool newappend -w /home/marco/Documents/tesis/others/petalinux/dma-mapped/project-spec/meta-plnx-generated virtual/kernel
>recipetool newappend -w /home/marco/Documents/tesis/others/petalinux/dma-mapped/project-spec/meta-plnx-generated virtual/dtb
>recipetool newappend -w /home/marco/Documents/tesis/others/petalinux/dma-mapped/project-spec/meta-plnx-generated virtual/hdf
>recipetool newappend -w /home/marco/Documents/tesis/others/petalinux/dma-mapped/project-spec/meta-plnx-generated virtual/bootloader
[INFO] generating u-boot configuration files
rlwrap: warning: your $TERM is 'xterm-256color' but rlwrap couldn't find it in the terminfo database. Expect some problems.: Inappropriate ioctl for device
[INFO] generating kernel configuration files
petalinux-edit-searchpath: line 333: setup_search_path: command not found
WARNING: Can't find a Linux include directory to use for device tree compliation
[INFO] generating kconfig for Rootfs
NOTE: Resolving any missing task queue dependencies
NOTE: Preparing RunQueue
NOTE: PN build list saved to 'pn-buildlist'
NOTE: PN dependencies saved to 'pn-depends.dot'
NOTE: Package dependencies saved to 'package-depends.dot'
NOTE: Task dependencies saved to 'task-depends.dot'
[INFO] oldconfig rootfs
*
* Configuration
*
*
* Filesystem Packages 
*
*
* base 
*
*
* base-files 
*
base-files (base-files) [N/y/?] (NEW) 
base-files-dbg (base-files-dbg) [N/y/?] (NEW) 
base-files-dev (base-files-dev) [N/y/?] (NEW) 
*
* base-passwd 
*
base-passwd (base-passwd) [N/y/?] (NEW) 
base-passwd-dbg (base-passwd-dbg) [N/y/?] (NEW) 
base-passwd-dev (base-passwd-dev) [N/y/?] (NEW) 
base-passwd-update (base-passwd-update) [N/y/?] (NEW) 
*
* bc 
*
bc (bc) [N/y/?] (NEW) 
bc-dev (bc-dev) [N/y/?] (NEW) 
bc-dbg (bc-dbg) [N/y/?] (NEW) 
*
* busybox 
*
busybox (busybox) [N/y/?] (NEW) 
busybox-mdev (busybox-mdev) [N/y/?] (NEW) 
busybox-hwclock (busybox-hwclock) [N/y/?] (NEW) 
busybox-inetd (busybox-inetd) [N/y/?] (NEW) 
busybox-syslog (busybox-syslog) [N/y/?] (NEW) 
busybox-httpd (busybox-httpd) [N/y/?] (NEW) 
busybox-dbg (busybox-dbg) [N/y/?] (NEW) 
busybox-dev (busybox-dev) [N/y/?] (NEW) 
busybox-udhcpc (busybox-udhcpc) [N/y/?] (NEW) 
busybox-udhcpd (busybox-udhcpd) [N/y/?] (NEW) 
*
* dbus 
*
dbus (dbus) [N/y/?] (NEW) 
dbus-lib (dbus-lib) [N/y/?] (NEW) 
dbus-dbg (dbus-dbg) [N/y/?] (NEW) 
dbus-dev (dbus-dev) [N/y/?] (NEW) 
*
* dbus-glib 
*
dbus-glib (dbus-glib) [N/y/?] (NEW) 
dbus-glib-tests (dbus-glib-tests) [N/y/?] (NEW) 
dbus-glib-dbg (dbus-glib-dbg) [N/y/?] (NEW) 
dbus-glib-dev (dbus-glib-dev) [N/y/?] (NEW) 
dbus-glib-bash-completion (dbus-glib-bash-completion) [N/y/?] (NEW) 
*
* dbus-wait 
*
dbus-wait (dbus-wait) [N/y/?] (NEW) 
dbus-wait-dev (dbus-wait-dev) [N/y/?] (NEW) 
dbus-wait-dbg (dbus-wait-dbg) [N/y/?] (NEW) 
*
* diffutils 
*
diffutils (diffutils) [N/y/?] (NEW) 
diffutils-dbg (diffutils-dbg) [N/y/?] (NEW) 
diffutils-dev (diffutils-dev) [N/y/?] (NEW) 
*
* e2fsprogs 
*
e2fsprogs (e2fsprogs) [N/y/?] (NEW) 
e2fsprogs-e2fsck (e2fsprogs-e2fsck) [N/y/?] (NEW) 
libext2fs (libext2fs) [N/y/?] (NEW) 
libe2p (libe2p) [N/y/?] (NEW) 
e2fsprogs-tune2fs (e2fsprogs-tune2fs) [N/y/?] (NEW) 
e2fsprogs-dev (e2fsprogs-dev) [N/y/?] (NEW) 
e2fsprogs-badblocks (e2fsprogs-badblocks) [N/y/?] (NEW) 
libcomerr (libcomerr) [N/y/?] (NEW) 
e2fsprogs-mke2fs (e2fsprogs-mke2fs) [N/y/?] (NEW) 
libss (libss) [N/y/?] (NEW) 
e2fsprogs-dbg (e2fsprogs-dbg) [N/y/?] (NEW) 
e2fsprogs-resize2fs (e2fsprogs-resize2fs) [N/y/?] (NEW) 
*
* elfutils 
*
elfutils (elfutils) [N/y/?] (NEW) 
libelf (libelf) [N/y/?] (NEW) 
libasm (libasm) [N/y/?] (NEW) 
elfutils-binutils (elfutils-binutils) [N/y/?] (NEW) 
elfutils-dev (elfutils-dev) [N/y/?] (NEW) 
libdw (libdw) [N/y/?] (NEW) 
elfutils-dbg (elfutils-dbg) [N/y/?] (NEW) 
*
* formfactor 
*
formfactor (formfactor) [N/y/?] (NEW) 
formfactor-dbg (formfactor-dbg) [N/y/?] (NEW) 
formfactor-dev (formfactor-dev) [N/y/?] (NEW) 
*
* i2c-tools 
*
i2c-tools (i2c-tools) [N/y/?] (NEW) 
i2c-tools-dev (i2c-tools-dev) [N/y/?] (NEW) 
i2c-tools-misc (i2c-tools-misc) [N/y/?] (NEW) 
i2c-tools-dbg (i2c-tools-dbg) [N/y/?] (NEW) 
*
* init-ifupdown 
*
init-ifupdown (init-ifupdown) [N/y/?] (NEW) 
init-ifupdown-dbg (init-ifupdown-dbg) [N/y/?] (NEW) 
init-ifupdown-dev (init-ifupdown-dev) [N/y/?] (NEW) 
*
* initscripts 
*
initscripts (initscripts) [N/y/?] (NEW) 
initscripts-functions (initscripts-functions) [N/y/?] (NEW) 
initscripts-dev (initscripts-dev) [N/y/?] (NEW) 
initscripts-dbg (initscripts-dbg) [N/y/?] (NEW) 
*
* iproute2 
*
iproute2 (iproute2) [N/y/?] (NEW) 
iproute2-nstat (iproute2-nstat) [N/y/?] (NEW) 
iproute2-dbg (iproute2-dbg) [N/y/?] (NEW) 
iproute2-rtacct (iproute2-rtacct) [N/y/?] (NEW) 
iproute2-genl (iproute2-genl) [N/y/?] (NEW) 
iproute2-ifstat (iproute2-ifstat) [N/y/?] (NEW) 
iproute2-dev (iproute2-dev) [N/y/?] (NEW) 
iproute2-ss (iproute2-ss) [N/y/?] (NEW) 
iproute2-tc (iproute2-tc) [N/y/?] (NEW) 
iproute2-lnstat (iproute2-lnstat) [N/y/?] (NEW) 
*
* kmod 
*
kmod (kmod) [N/y/?] (NEW) 
libkmod (libkmod) [N/y/?] (NEW) 
kmod-bash-completion (kmod-bash-completion) [N/y/?] (NEW) 
kmod-dev (kmod-dev) [N/y/?] (NEW) 
kmod-dbg (kmod-dbg) [N/y/?] (NEW) 
*
* modutils-initscripts 
*
modutils-initscripts (modutils-initscripts) [N/y/?] (NEW) 
modutils-initscripts-dev (modutils-initscripts-dev) [N/y/?] (NEW) 
modutils-initscripts-dbg (modutils-initscripts-dbg) [N/y/?] (NEW) 
*
* mtd-utils 
*
mtd-utils (mtd-utils) [Y/n/?] 
mtd-utils-dev (mtd-utils-dev) [N/y/?] (NEW) 
mtd-utils-ubifs (mtd-utils-ubifs) [N/y/?] (NEW) 
mtd-utils-misc (mtd-utils-misc) [N/y/?] (NEW) 
mtd-utils-jffs2 (mtd-utils-jffs2) [N/y/?] (NEW) 
mtd-utils-dbg (mtd-utils-dbg) [N/y/?] (NEW) 
*
* netbase 
*
netbase (netbase) [N/y/?] (NEW) 
netbase-dbg (netbase-dbg) [N/y/?] (NEW) 
netbase-dev (netbase-dev) [N/y/?] (NEW) 
*
* opkg-utils 
*
opkg-utils (opkg-utils) [N/y/?] (NEW) 
update-alternatives-opkg (update-alternatives-opkg) [N/y/?] (NEW) 
opkg-utils-dbg (opkg-utils-dbg) [N/y/?] (NEW) 
opkg-utils-dev (opkg-utils-dev) [N/y/?] (NEW) 
*
* procps 
*
procps (procps) [N/y/?] (NEW) 
procps-dbg (procps-dbg) [N/y/?] (NEW) 
procps-dev (procps-dev) [N/y/?] (NEW) 
*
* shared-mime-info 
*
shared-mime-info (shared-mime-info) [N/y/?] (NEW) 
shared-mime-info-dbg (shared-mime-info-dbg) [N/y/?] (NEW) 
shared-mime-info-dev (shared-mime-info-dev) [N/y/?] (NEW) 
shared-mime-info-data (shared-mime-info-data) [N/y/?] (NEW) 
*
* shell 
*
*
* bash 
*
bash (bash) [N/y/?] (NEW) 
bash-dbg (bash-dbg) [N/y/?] (NEW) 
bash-dev (bash-dev) [N/y/?] (NEW) 
*
* sysvinit 
*
sysvinit (sysvinit) [N/y/?] (NEW) 
sysvinit-sulogin (sysvinit-sulogin) [N/y/?] (NEW) 
sysvinit-pidof (sysvinit-pidof) [N/y/?] (NEW) 
sysvinit-dbg (sysvinit-dbg) [N/y/?] (NEW) 
sysvinit-dev (sysvinit-dev) [N/y/?] (NEW) 
*
* tzdata 
*
tzdata (tzdata) [N/y/?] (NEW) 
tzdata-arctic (tzdata-arctic) [N/y/?] (NEW) 
tzdata-posix (tzdata-posix) [N/y/?] (NEW) 
tzdata-africa (tzdata-africa) [N/y/?] (NEW) 
tzdata-antarctica (tzdata-antarctica) [N/y/?] (NEW) 
tzdata-asia (tzdata-asia) [N/y/?] (NEW) 
tzdata-americas (tzdata-americas) [N/y/?] (NEW) 
tzdata-australia (tzdata-australia) [N/y/?] (NEW) 
tzdata-europe (tzdata-europe) [N/y/?] (NEW) 
tzdata-right (tzdata-right) [N/y/?] (NEW) 
tzdata-pacific (tzdata-pacific) [N/y/?] (NEW) 
tzdata-atlantic (tzdata-atlantic) [N/y/?] (NEW) 
tzdata-misc (tzdata-misc) [N/y/?] (NEW) 
*
* update-rc.d 
*
update-rc.d (update-rc.d) [N/y/?] (NEW) 
update-rc.d-dev (update-rc.d-dev) [N/y/?] (NEW) 
update-rc.d-dbg (update-rc.d-dbg) [N/y/?] (NEW) 
*
* usbutils 
*
usbutils (usbutils) [N/y/?] (NEW) 
usbutils-dev (usbutils-dev) [N/y/?] (NEW) 
usbutils-dbg (usbutils-dbg) [N/y/?] (NEW) 
*
* util-linux 
*
util-linux (util-linux) [N/y/?] (NEW) 
util-linux-agetty (util-linux-agetty) [N/y/?] (NEW) 
util-linux-fstrim (util-linux-fstrim) [N/y/?] (NEW) 
util-linux-mcookie (util-linux-mcookie) [N/y/?] (NEW) 
util-linux-dbg (util-linux-dbg) [N/y/?] (NEW) 
util-linux-swaponoff (util-linux-swaponoff) [N/y/?] (NEW) 
util-linux-uuidgen (util-linux-uuidgen) [N/y/?] (NEW) 
util-linux-cfdisk (util-linux-cfdisk) [N/y/?] (NEW) 
util-linux-lscpu (util-linux-lscpu) [N/y/?] (NEW) 
util-linux-mount (util-linux-mount) [N/y/?] (NEW) 
util-linux-partx (util-linux-partx) [N/y/?] (NEW) 
util-linux-bash-completion (util-linux-bash-completion) [N/y/?] (NEW) 
util-linux-sulogin (util-linux-sulogin) [N/y/?] (NEW) 
util-linux-mkfs (util-linux-mkfs) [N/y/?] (NEW) 
util-linux-sfdisk (util-linux-sfdisk) [N/y/?] (NEW) 
util-linux-blkid (util-linux-blkid) [N/y/?] (NEW) 
util-linux-hwclock (util-linux-hwclock) [N/y/?] (NEW) 
util-linux-mkfs.cramfs (util-linux-mkfs.cramfs) [N/y/?] (NEW) 
util-linux-dev (util-linux-dev) [N/y/?] (NEW) 
util-linux-readprofile (util-linux-readprofile) [N/y/?] (NEW) 
util-linux-reset (util-linux-reset) [N/y/?] (NEW) 
util-linux-losetup (util-linux-losetup) [N/y/?] (NEW) 
util-linux-fsck.cramfs (util-linux-fsck.cramfs) [N/y/?] (NEW) 
util-linux-fdisk (util-linux-fdisk) [N/y/?] (NEW) 
util-linux-getopt (util-linux-getopt) [N/y/?] (NEW) 
util-linux-fsck (util-linux-fsck) [N/y/?] (NEW) 
util-linux-findfs (util-linux-findfs) [N/y/?] (NEW) 
util-linux-umount (util-linux-umount) [N/y/?] (NEW) 
util-linux-mountpoint (util-linux-mountpoint) [N/y/?] (NEW) 
util-linux-uuidd (util-linux-uuidd) [N/y/?] (NEW) 
*
* utils 
*
*
* shadow 
*
shadow (shadow) [N/y/?] (NEW) 
shadow-dbg (shadow-dbg) [N/y/?] (NEW) 
shadow-dev (shadow-dev) [N/y/?] (NEW) 
shadow-base (shadow-base) [N/y/?] (NEW) 
*
* xz 
*
xz (xz) [N/y/?] (NEW) 
xz-dev (xz-dev) [N/y/?] (NEW) 
xz-dbg (xz-dbg) [N/y/?] (NEW) 
liblzma (liblzma) [N/y/?] (NEW) 
*
* baseutils 
*
*
* shadow-securetty 
*
shadow-securetty (shadow-securetty) [N/y/?] (NEW) 
shadow-securetty-dbg (shadow-securetty-dbg) [N/y/?] (NEW) 
shadow-securetty-dev (shadow-securetty-dev) [N/y/?] (NEW) 
*
* console 
*
*
* network 
*
*
* canutils 
*
canutils (canutils) [Y/n/?] 
canutils-dev (canutils-dev) [N/y/?] (NEW) 
canutils-dbg (canutils-dbg) [N/y/?] (NEW) 
*
* dropbear 
*
dropbear (dropbear) [N/y/?] (NEW) 
dropbear-openssh-sftp-server (dropbear-openssh-sftp-server) [N/y/?] (NEW) 
dropbear-dev (dropbear-dev) [N/y/?] (NEW) 
dropbear-dbg (dropbear-dbg) [N/y/?] (NEW) 
*
* ethtool 
*
ethtool (ethtool) [N/y/?] (NEW) 
ethtool-dev (ethtool-dev) [N/y/?] (NEW) 
ethtool-dbg (ethtool-dbg) [N/y/?] (NEW) 
*
* mailx 
*
mailx (mailx) [N/y/?] (NEW) 
mailx-dbg (mailx-dbg) [N/y/?] (NEW) 
mailx-dev (mailx-dev) [N/y/?] (NEW) 
*
* openssh 
*
openssh (openssh) [N/y/?] (NEW) 
openssh-dbg (openssh-dbg) [N/y/?] (NEW) 
openssh-sshd (openssh-sshd) [N/y/?] (NEW) 
openssh-sftp (openssh-sftp) [N/y/?] (NEW) 
openssh-ssh (openssh-ssh) [N/y/?] (NEW) 
openssh-dev (openssh-dev) [N/y/?] (NEW) 
openssh-keygen (openssh-keygen) [N/y/?] (NEW) 
openssh-sftp-server (openssh-sftp-server) [Y/n/?] 
openssh-scp (openssh-scp) [N/y/?] (NEW) 
openssh-misc (openssh-misc) [N/y/?] (NEW) 
*
* portmap 
*
portmap (portmap) [N/y/?] (NEW) 
portmap-dev (portmap-dev) [N/y/?] (NEW) 
portmap-dbg (portmap-dbg) [N/y/?] (NEW) 
portmap-utils (portmap-utils) [N/y/?] (NEW) 
*
* tcp-wrappers 
*
tcp-wrappers (tcp-wrappers) [N/y/?] (NEW) 
libwrap-dev (libwrap-dev) [N/y/?] (NEW) 
tcp-wrappers-dbg (tcp-wrappers-dbg) [N/y/?] (NEW) 
libwrap (libwrap) [N/y/?] (NEW) 
*
* tools 
*
*
* protobuf 
*
protobuf (protobuf) [N/y/?] (NEW) 
protobuf-dbg (protobuf-dbg) [N/y/?] (NEW) 
protobuf-dev (protobuf-dev) [N/y/?] (NEW) 
*
* utils 
*
*
* bash-completion 
*
bash-completion (bash-completion) [N/y/?] (NEW) 
bash-completion-dbg (bash-completion-dbg) [N/y/?] (NEW) 
bash-completion-extra (bash-completion-extra) [N/y/?] (NEW) 
bash-completion-dev (bash-completion-dev) [N/y/?] (NEW) 
*
* bzip2 
*
bzip2 (bzip2) [N/y/?] (NEW) 
bzip2-dev (bzip2-dev) [N/y/?] (NEW) 
bzip2-dbg (bzip2-dbg) [N/y/?] (NEW) 
libbz2 (libbz2) [N/y/?] (NEW) 
*
* file 
*
file (file) [N/y/?] (NEW) 
file-dbg (file-dbg) [N/y/?] (NEW) 
file-dev (file-dev) [N/y/?] (NEW) 
*
* gawk 
*
gawk (gawk) [N/y/?] (NEW) 
gawk-dbg (gawk-dbg) [N/y/?] (NEW) 
gawk-dev (gawk-dev) [N/y/?] (NEW) 
*
* grep 
*
grep (grep) [N/y/?] (NEW) 
grep-dev (grep-dev) [N/y/?] (NEW) 
grep-dbg (grep-dbg) [N/y/?] (NEW) 
*
* pciutils 
*
pciutils (pciutils) [Y/n/?] 
pciutils-dev (pciutils-dev) [N/y/?] (NEW) 
libpci (libpci) [N/y/?] (NEW) 
pciutils-ids (pciutils-ids) [N/y/?] (NEW) 
pciutils-dbg (pciutils-dbg) [N/y/?] (NEW) 
*
* sed 
*
sed (sed) [N/y/?] (NEW) 
sed-dev (sed-dev) [N/y/?] (NEW) 
sed-dbg (sed-dbg) [N/y/?] (NEW) 
*
* smartmontools 
*
smartmontools (smartmontools) [N/y/?] (NEW) 
smartmontools-dev (smartmontools-dev) [N/y/?] (NEW) 
smartmontools-dbg (smartmontools-dbg) [N/y/?] (NEW) 
*
* strace 
*
strace (strace) [N/y/?] (NEW) 
strace-dbg (strace-dbg) [N/y/?] (NEW) 
strace-dev (strace-dev) [N/y/?] (NEW) 
*
* unzip 
*
unzip (unzip) [N/y/?] (NEW) 
unzip-dbg (unzip-dbg) [N/y/?] (NEW) 
unzip-dev (unzip-dev) [N/y/?] (NEW) 
*
* devel 
*
*
* flex 
*
flex (flex) [N/y/?] (NEW) 
flex-dev (flex-dev) [N/y/?] (NEW) 
flex-dbg (flex-dbg) [N/y/?] (NEW) 
*
* gmp 
*
gmp (gmp) [N/y/?] (NEW) 
gmp-dbg (gmp-dbg) [N/y/?] (NEW) 
gmp-dev (gmp-dev) [N/y/?] (NEW) 
libgmpxx (libgmpxx) [N/y/?] (NEW) 
*
* libcheck 
*
libcheck (libcheck) [N/y/?] (NEW) 
libcheck-dbg (libcheck-dbg) [N/y/?] (NEW) 
libcheck-dev (libcheck-dev) [N/y/?] (NEW) 
*
* libpcre 
*
libpcre (libpcre) [N/y/?] (NEW) 
libpcre-dbg (libpcre-dbg) [N/y/?] (NEW) 
pcregrep (pcregrep) [N/y/?] (NEW) 
libpcrecpp (libpcrecpp) [N/y/?] (NEW) 
libpcreposix (libpcreposix) [N/y/?] (NEW) 
pcretest (pcretest) [N/y/?] (NEW) 
libpcre-dev (libpcre-dev) [N/y/?] (NEW) 
*
* make 
*
make (make) [N/y/?] (NEW) 
make-dev (make-dev) [N/y/?] (NEW) 
make-dbg (make-dbg) [N/y/?] (NEW) 
*
* perl 
*
perl (perl) [N/y/?] (NEW) 
perl-dbg (perl-dbg) [N/y/?] (NEW) 
perl-module-unicore (perl-module-unicore) [N/y/?] (NEW) 
perl-dev (perl-dev) [N/y/?] (NEW) 
perl-pod (perl-pod) [N/y/?] (NEW) 
perl-modules (perl-modules) [N/y/?] (NEW) 
perl-module-cpan (perl-module-cpan) [N/y/?] (NEW) 
perl-misc (perl-misc) [N/y/?] (NEW) 
perl-lib (perl-lib) [N/y/?] (NEW) 
perl-module-cpanplus (perl-module-cpanplus) [N/y/?] (NEW) 
*
* python 
*
*
* python 
*
python (python) [N/y/?] (NEW) 
python-compile (python-compile) [N/y/?] (NEW) 
python-mime (python-mime) [N/y/?] (NEW) 
python-xml (python-xml) [N/y/?] (NEW) 
python-html (python-html) [N/y/?] (NEW) 
python-crypt (python-crypt) [N/y/?] (NEW) 
python-datetime (python-datetime) [N/y/?] (NEW) 
python-fcntl (python-fcntl) [N/y/?] (NEW) 
python-difflib (python-difflib) [N/y/?] (NEW) 
python-tkinter (python-tkinter) [N/y/?] (NEW) 
python-robotparser (python-robotparser) [N/y/?] (NEW) 
python-misc (python-misc) [N/y/?] (NEW) 
python-unittest (python-unittest) [N/y/?] (NEW) 
python-readline (python-readline) [N/y/?] (NEW) 
python-shell (python-shell) [N/y/?] (NEW) 
python-zlib (python-zlib) [N/y/?] (NEW) 
python-importlib (python-importlib) [N/y/?] (NEW) 
python-sqlite3 (python-sqlite3) [N/y/?] (NEW) 
python-io (python-io) [N/y/?] (NEW) 
python-hotshot (python-hotshot) [N/y/?] (NEW) 
python-pickle (python-pickle) [N/y/?] (NEW) 
python-stringold (python-stringold) [N/y/?] (NEW) 
python-multiprocessing (python-multiprocessing) [N/y/?] (NEW) 
python-lang (python-lang) [N/y/?] (NEW) 
python-pkgutil (python-pkgutil) [N/y/?] (NEW) 
python-textutils (python-textutils) [N/y/?] (NEW) 
python-dbg (python-dbg) [N/y/?] (NEW) 
python-compression (python-compression) [N/y/?] (NEW) 
python-unixadmin (python-unixadmin) [N/y/?] (NEW) 
python-bsddb (python-bsddb) [N/y/?] (NEW) 
python-pydoc (python-pydoc) [N/y/?] (NEW) 
python-sqlite3-tests (python-sqlite3-tests) [N/y/?] (NEW) 
python-man (python-man) [N/y/?] (NEW) 
python-compiler (python-compiler) [N/y/?] (NEW) 
python-core (python-core) [N/y/?] (NEW) 
python-netclient (python-netclient) [N/y/?] (NEW) 
python-2to3 (python-2to3) [N/y/?] (NEW) 
python-syslog (python-syslog) [N/y/?] (NEW) 
python-debugger (python-debugger) [N/y/?] (NEW) 
python-gdbm (python-gdbm) [N/y/?] (NEW) 
python-contextlib (python-contextlib) [N/y/?] (NEW) 
python-resource (python-resource) [N/y/?] (NEW) 
python-numbers (python-numbers) [N/y/?] (NEW) 
python-distutils (python-distutils) [N/y/?] (NEW) 
python-codecs (python-codecs) [N/y/?] (NEW) 
python-profile (python-profile) [N/y/?] (NEW) 
python-logging (python-logging) [N/y/?] (NEW) 
python-plistlib (python-plistlib) [N/y/?] (NEW) 
python-dev (python-dev) [N/y/?] (NEW) 
python-re (python-re) [N/y/?] (NEW) 
python-math (python-math) [N/y/?] (NEW) 
python-subprocess (python-subprocess) [N/y/?] (NEW) 
python-tests (python-tests) [N/y/?] (NEW) 
python-curses (python-curses) [N/y/?] (NEW) 
python-ctypes (python-ctypes) [N/y/?] (NEW) 
python-netserver (python-netserver) [N/y/?] (NEW) 
python-pprint (python-pprint) [N/y/?] (NEW) 
python-smtpd (python-smtpd) [N/y/?] (NEW) 
python-terminal (python-terminal) [N/y/?] (NEW) 
python-mmap (python-mmap) [N/y/?] (NEW) 
python-modules (python-modules) [N/y/?] (NEW) 
python-xmlrpc (python-xmlrpc) [N/y/?] (NEW) 
python-email (python-email) [N/y/?] (NEW) 
python-db (python-db) [N/y/?] (NEW) 
python-mailbox (python-mailbox) [N/y/?] (NEW) 
python-threading (python-threading) [N/y/?] (NEW) 
python-json (python-json) [N/y/?] (NEW) 
python-argparse (python-argparse) [N/y/?] (NEW) 
python-audio (python-audio) [N/y/?] (NEW) 
python-image (python-image) [N/y/?] (NEW) 
libpython2 (libpython2) [N/y/?] (NEW) 
python-idle (python-idle) [N/y/?] (NEW) 
*
* python-dbus 
*
python-dbus (python-dbus) [N/y/?] (NEW) 
python-dbus-dev (python-dbus-dev) [N/y/?] (NEW) 
python-dbus-dbg (python-dbus-dbg) [N/y/?] (NEW) 
*
* python-nose 
*
python-nose (python-nose) [N/y/?] (NEW) 
python-nose-dbg (python-nose-dbg) [N/y/?] (NEW) 
python-nose-dev (python-nose-dev) [N/y/?] (NEW) 
*
* python-numpy 
*
python-numpy (python-numpy) [N/y/?] (NEW) 
python-numpy-dbg (python-numpy-dbg) [N/y/?] (NEW) 
python-numpy-dev (python-numpy-dev) [N/y/?] (NEW) 
*
* python-pygobject 
*
python-pygobject (python-pygobject) [N/y/?] (NEW) 
python-pygobject-dev (python-pygobject-dev) [N/y/?] (NEW) 
python-pygobject-dbg (python-pygobject-dbg) [N/y/?] (NEW) 
*
* python-scons 
*
python-scons (python-scons) [N/y/?] (NEW) 
python-scons-dev (python-scons-dev) [N/y/?] (NEW) 
python-scons-dbg (python-scons-dbg) [N/y/?] (NEW) 
*
* python-setuptools 
*
python-setuptools (python-setuptools) [N/y/?] (NEW) 
python-setuptools-dbg (python-setuptools-dbg) [N/y/?] (NEW) 
python-setuptools-dev (python-setuptools-dev) [N/y/?] (NEW) 
*
* python-smartpm 
*
python-smartpm (python-smartpm) [N/y/?] (NEW) 
python-smartpm-dev (python-smartpm-dev) [N/y/?] (NEW) 
python-smartpm-dbg (python-smartpm-dbg) [N/y/?] (NEW) 
python-smartpm-interface-images (python-smartpm-interface-images) [N/y/?] (NEW) 
python-smartpm-backend-rpm (python-smartpm-backend-rpm) [N/y/?] (NEW) 
smartpm (smartpm) [N/y/?] (NEW) 
*
* ruby 
*
*
* ruby 
*
ruby (ruby) [N/y/?] (NEW) 
ruby-rdoc (ruby-rdoc) [N/y/?] (NEW) 
ruby-dbg (ruby-dbg) [N/y/?] (NEW) 
ruby-dev (ruby-dev) [N/y/?] (NEW) 
*
* run-postinsts 
*
run-postinsts (run-postinsts) [Y/n/?] 
run-postinsts-dev (run-postinsts-dev) [N/y/?] (NEW) 
run-postinsts-dbg (run-postinsts-dbg) [N/y/?] (NEW) 
*
* swig 
*
swig (swig) [N/y/?] (NEW) 
swig-dbg (swig-dbg) [N/y/?] (NEW) 
swig-dev (swig-dev) [N/y/?] (NEW) 
*
* tcltk 
*
*
* tcl 
*
tcl (tcl) [N/y/?] (NEW) 
tcl-dbg (tcl-dbg) [N/y/?] (NEW) 
tcl-lib (tcl-lib) [N/y/?] (NEW) 
tcl-dev (tcl-dev) [N/y/?] (NEW) 
*
* fonts 
*
*
* cantarell-fonts 
*
cantarell-fonts (cantarell-fonts) [N/y/?] (NEW) 
cantarell-fonts-dbg (cantarell-fonts-dbg) [N/y/?] (NEW) 
cantarell-fonts-dev (cantarell-fonts-dev) [N/y/?] (NEW) 
*
* libs 
*
*
* acl 
*
acl (acl) [N/y/?] (NEW) 
libacl (libacl) [N/y/?] (NEW) 
acl-dev (acl-dev) [N/y/?] (NEW) 
acl-dbg (acl-dbg) [N/y/?] (NEW) 
*
* attr 
*
attr (attr) [N/y/?] (NEW) 
attr-dbg (attr-dbg) [N/y/?] (NEW) 
attr-dev (attr-dev) [N/y/?] (NEW) 
libattr (libattr) [N/y/?] (NEW) 
*
* bluez5 
*
bluez5 (bluez5) [N/y/?] (NEW) 
bluez5-obex (bluez5-obex) [N/y/?] (NEW) 
bluez5-dev (bluez5-dev) [N/y/?] (NEW) 
bluez5-noinst-tools (bluez5-noinst-tools) [N/y/?] (NEW) 
libasound-module-bluez (libasound-module-bluez) [N/y/?] (NEW) 
bluez5-dbg (bluez5-dbg) [N/y/?] (NEW) 
bluez5-testtools (bluez5-testtools) [N/y/?] (NEW) 
*
* cairo 
*
cairo (cairo) [N/y/?] (NEW) 
cairo-gobject (cairo-gobject) [N/y/?] (NEW) 
cairo-script-interpreter (cairo-script-interpreter) [N/y/?] (NEW) 
cairo-perf-utils (cairo-perf-utils) [N/y/?] (NEW) 
cairo-dev (cairo-dev) [N/y/?] (NEW) 
cairo-dbg (cairo-dbg) [N/y/?] (NEW) 
*
* db 
*
db (db) [N/y/?] (NEW) 
db-dev (db-dev) [N/y/?] (NEW) 
db-bin (db-bin) [N/y/?] (NEW) 
db-cxx (db-cxx) [N/y/?] (NEW) 
db-dbg (db-dbg) [N/y/?] (NEW) 
*
* devel 
*
*
* libyaml 
*
libyaml (libyaml) [N/y/?] (NEW) 
libyaml-dbg (libyaml-dbg) [N/y/?] (NEW) 
libyaml-dev (libyaml-dev) [N/y/?] (NEW) 
*
* expat 
*
expat (expat) [N/y/?] (NEW) 
expat-bin (expat-bin) [N/y/?] (NEW) 
expat-dev (expat-dev) [N/y/?] (NEW) 
expat-dbg (expat-dbg) [N/y/?] (NEW) 
*
* ffmpeg 
*
ffmpeg (ffmpeg) [N/y/?] (NEW) 
ffmpeg-dbg (ffmpeg-dbg) [N/y/?] (NEW) 
ffmpeg-dev (ffmpeg-dev) [N/y/?] (NEW) 
*
* flac 
*
flac (flac) [N/y/?] (NEW) 
libflac++ (libflacPLUSPLUS) [N/y/?] (NEW) 
flac-dev (flac-dev) [N/y/?] (NEW) 
libflac (libflac) [N/y/?] (NEW) 
flac-dbg (flac-dbg) [N/y/?] (NEW) 
liboggflac++ (liboggflacPLUSPLUS) [N/y/?] (NEW) 
*
* fontconfig 
*
fontconfig (fontconfig) [N/y/?] (NEW) 
fontconfig-utils (fontconfig-utils) [N/y/?] (NEW) 
fontconfig-dev (fontconfig-dev) [N/y/?] (NEW) 
fontconfig-dbg (fontconfig-dbg) [N/y/?] (NEW) 
*
* freetype 
*
freetype (freetype) [N/y/?] (NEW) 
freetype-dev (freetype-dev) [N/y/?] (NEW) 
freetype-dbg (freetype-dbg) [N/y/?] (NEW) 
*
* gdbm 
*
gdbm (gdbm) [N/y/?] (NEW) 
gdbm-compat (gdbm-compat) [N/y/?] (NEW) 
gdbm-dev (gdbm-dev) [N/y/?] (NEW) 
gdbm-dbg (gdbm-dbg) [N/y/?] (NEW) 
gdbm-bin (gdbm-bin) [N/y/?] (NEW) 
*
* gdk-pixbuf 
*
gdk-pixbuf (gdk-pixbuf) [N/y/?] (NEW) 
gdk-pixbuf-dbg (gdk-pixbuf-dbg) [N/y/?] (NEW) 
gdk-pixbuf-dev (gdk-pixbuf-dev) [N/y/?] (NEW) 
gdk-pixbuf-xlib (gdk-pixbuf-xlib) [N/y/?] (NEW) 
*
* gettext 
*
gettext (gettext) [N/y/?] (NEW) 
libgettextlib (libgettextlib) [N/y/?] (NEW) 
libgettextsrc (libgettextsrc) [N/y/?] (NEW) 
gettext-dbg (gettext-dbg) [N/y/?] (NEW) 
gettext-runtime (gettext-runtime) [N/y/?] (NEW) 
gettext-dev (gettext-dev) [N/y/?] (NEW) 
gettext-runtime-dev (gettext-runtime-dev) [N/y/?] (NEW) 
*
* gobject-introspection 
*
gobject-introspection (gobject-introspection) [N/y/?] (NEW) 
gobject-introspection-dev (gobject-introspection-dev) [N/y/?] (NEW) 
gobject-introspection-dbg (gobject-introspection-dbg) [N/y/?] (NEW) 
*
* gtk+ 
*
gtk+ (gtkPLUS) [N/y/?] (NEW) 
gtk-demo (gtk-demo) [N/y/?] (NEW) 
libgail (libgail) [N/y/?] (NEW) 
gtk+-dbg (gtkPLUS-dbg) [N/y/?] (NEW) 
gtk+-dev (gtkPLUS-dev) [N/y/?] (NEW) 
*
* gtk+3 
*
gtk+3 (gtkPLUS3) [N/y/?] (NEW) 
gtk+3-dbg (gtkPLUS3-dbg) [N/y/?] (NEW) 
gtk+3-dev (gtkPLUS3-dev) [N/y/?] (NEW) 
gtk+3-demo (gtkPLUS3-demo) [N/y/?] (NEW) 
*
* harfbuzz 
*
harfbuzz (harfbuzz) [N/y/?] (NEW) 
harfbuzz-dbg (harfbuzz-dbg) [N/y/?] (NEW) 
harfbuzz-bin (harfbuzz-bin) [N/y/?] (NEW) 
harfbuzz-icu (harfbuzz-icu) [N/y/?] (NEW) 
harfbuzz-dev (harfbuzz-dev) [N/y/?] (NEW) 
harfbuzz-icu-dev (harfbuzz-icu-dev) [N/y/?] (NEW) 
*
* libcap 
*
libcap (libcap) [N/y/?] (NEW) 
libcap-dev (libcap-dev) [N/y/?] (NEW) 
libcap-bin (libcap-bin) [N/y/?] (NEW) 
libcap-dbg (libcap-dbg) [N/y/?] (NEW) 
*
* libdaemon 
*
libdaemon (libdaemon) [N/y/?] (NEW) 
libdaemon-dev (libdaemon-dev) [N/y/?] (NEW) 
libdaemon-dbg (libdaemon-dbg) [N/y/?] (NEW) 
*
* libdmx 
*
libdmx (libdmx) [N/y/?] (NEW) 
libdmx-dbg (libdmx-dbg) [N/y/?] (NEW) 
libdmx-dev (libdmx-dev) [N/y/?] (NEW) 
*
* libeigen 
*
libeigen (libeigen) [N/y/?] (NEW) 
libeigen-dev (libeigen-dev) [N/y/?] (NEW) 
libeigen-dbg (libeigen-dbg) [N/y/?] (NEW) 
*
* libepoxy 
*
libepoxy (libepoxy) [N/y/?] (NEW) 
libepoxy-dbg (libepoxy-dbg) [N/y/?] (NEW) 
libepoxy-dev (libepoxy-dev) [N/y/?] (NEW) 
*
* libevdev 
*
libevdev (libevdev) [N/y/?] (NEW) 
libevdev-dev (libevdev-dev) [N/y/?] (NEW) 
libevdev-dbg (libevdev-dbg) [N/y/?] (NEW) 
*
* libexif 
*
libexif (libexif) [N/y/?] (NEW) 
libexif-dev (libexif-dev) [N/y/?] (NEW) 
libexif-dbg (libexif-dbg) [N/y/?] (NEW) 
*
* libffi 
*
libffi (libffi) [N/y/?] (NEW) 
libffi-dev (libffi-dev) [N/y/?] (NEW) 
libffi-dbg (libffi-dbg) [N/y/?] (NEW) 
*
* libfontenc 
*
libfontenc (libfontenc) [N/y/?] (NEW) 
libfontenc-dev (libfontenc-dev) [N/y/?] (NEW) 
libfontenc-dbg (libfontenc-dbg) [N/y/?] (NEW) 
*
* libgcc-xilinx 
*
libgcc-dev (libgcc-dev) [N/y/?] (NEW) 
libgcc (libgcc) [N/y/?] (NEW) 
libgcc-dbg (libgcc-dbg) [N/y/?] (NEW) 
libgcov-dev (libgcov-dev) [N/y/?] (NEW) 
*
* libgphoto2 
*
libgphoto2 (libgphoto2) [N/y/?] (NEW) 
libgphoto2-dbg (libgphoto2-dbg) [N/y/?] (NEW) 
libgphotoport (libgphotoport) [N/y/?] (NEW) 
libgphoto2-dev (libgphoto2-dev) [N/y/?] (NEW) 
libgphoto2-camlibs (libgphoto2-camlibs) [N/y/?] (NEW) 
libgphoto2-bin (libgphoto2-bin) [N/y/?] (NEW) 
*
* libhugetlbfs 
*
libhugetlbfs (libhugetlbfs) [N/y/?] (NEW) 
libhugetlbfs-perl (libhugetlbfs-perl) [N/y/?] (NEW) 
libhugetlbfs-dbg (libhugetlbfs-dbg) [N/y/?] (NEW) 
libhugetlbfs-dev (libhugetlbfs-dev) [N/y/?] (NEW) 
libhugetlbfs-tests (libhugetlbfs-tests) [N/y/?] (NEW) 
*
* libical 
*
libical (libical) [N/y/?] (NEW) 
libical-dev (libical-dev) [N/y/?] (NEW) 
libical-dbg (libical-dbg) [N/y/?] (NEW) 
*
* libice 
*
libice (libice) [N/y/?] (NEW) 
libice-dev (libice-dev) [N/y/?] (NEW) 
libice-dbg (libice-dbg) [N/y/?] (NEW) 
*
* libinput 
*
libinput (libinput) [N/y/?] (NEW) 
libinput-dbg (libinput-dbg) [N/y/?] (NEW) 
libinput-dev (libinput-dev) [N/y/?] (NEW) 
*
* libjpeg-turbo 
*
libjpeg-turbo (libjpeg-turbo) [N/y/?] (NEW) 
libturbojpeg (libturbojpeg) [N/y/?] (NEW) 
libjpeg-turbo-dev (libjpeg-turbo-dev) [N/y/?] (NEW) 
jpeg-tools (jpeg-tools) [N/y/?] (NEW) 
libjpeg-turbo-dbg (libjpeg-turbo-dbg) [N/y/?] (NEW) 
*
* libmetal 
*
libmetal (libmetal) [N/y/?] (NEW) 
libmetal-dbg (libmetal-dbg) [N/y/?] (NEW) 
libmetal-dev (libmetal-dev) [N/y/?] (NEW) 
*
* libnet 
*
libnet (libnet) [N/y/?] (NEW) 
libnet-dbg (libnet-dbg) [N/y/?] (NEW) 
libnet-dev (libnet-dev) [N/y/?] (NEW) 
*
* libnss-mdns 
*
libnss-mdns (libnss-mdns) [N/y/?] (NEW) 
libnss-mdns-dev (libnss-mdns-dev) [N/y/?] (NEW) 
libnss-mdns-dbg (libnss-mdns-dbg) [N/y/?] (NEW) 
*
* libogg 
*
libogg (libogg) [N/y/?] (NEW) 
libogg-dev (libogg-dev) [N/y/?] (NEW) 
libogg-dbg (libogg-dbg) [N/y/?] (NEW) 
*
* libpciaccess 
*
libpciaccess (libpciaccess) [N/y/?] (NEW) 
libpciaccess-dev (libpciaccess-dev) [N/y/?] (NEW) 
libpciaccess-dbg (libpciaccess-dbg) [N/y/?] (NEW) 
*
* libpng 
*
libpng (libpng) [N/y/?] (NEW) 
libpng-dbg (libpng-dbg) [N/y/?] (NEW) 
libpng-dev (libpng-dev) [N/y/?] (NEW) 
libpng-tools (libpng-tools) [N/y/?] (NEW) 
*
* libsamplerate0 
*
libsamplerate0 (libsamplerate0) [N/y/?] (NEW) 
libsamplerate0-dev (libsamplerate0-dev) [N/y/?] (NEW) 
libsamplerate0-dbg (libsamplerate0-dbg) [N/y/?] (NEW) 
*
* libsm 
*
libsm (libsm) [N/y/?] (NEW) 
libsm-dbg (libsm-dbg) [N/y/?] (NEW) 
libsm-dev (libsm-dev) [N/y/?] (NEW) 
*
* libtheora 
*
libtheora (libtheora) [N/y/?] (NEW) 
libtheora-dbg (libtheora-dbg) [N/y/?] (NEW) 
libtheora-dev (libtheora-dev) [N/y/?] (NEW) 
*
* libtool 
*
libtool (libtool) [N/y/?] (NEW) 
libtool-dev (libtool-dev) [N/y/?] (NEW) 
libtool-dbg (libtool-dbg) [N/y/?] (NEW) 
libltdl (libltdl) [N/y/?] (NEW) 
*
* liburcu 
*
liburcu (liburcu) [N/y/?] (NEW) 
liburcu-dbg (liburcu-dbg) [N/y/?] (NEW) 
liburcu-dev (liburcu-dev) [N/y/?] (NEW) 
*
* libusb-compat 
*
libusb-compat (libusb-compat) [N/y/?] (NEW) 
libusb-compat-dbg (libusb-compat-dbg) [N/y/?] (NEW) 
libusb-compat-dev (libusb-compat-dev) [N/y/?] (NEW) 
libusb-compat-bin (libusb-compat-bin) [N/y/?] (NEW) 
*
* libusb1 
*
libusb1 (libusb1) [N/y/?] (NEW) 
libusb1-dev (libusb1-dev) [N/y/?] (NEW) 
libusb1-dbg (libusb1-dbg) [N/y/?] (NEW) 
*
* libvorbis 
*
libvorbis (libvorbis) [N/y/?] (NEW) 
libvorbis-dbg (libvorbis-dbg) [N/y/?] (NEW) 
libvorbis-dev (libvorbis-dev) [N/y/?] (NEW) 
*
* libwebp 
*
libwebp (libwebp) [N/y/?] (NEW) 
libwebp-dev (libwebp-dev) [N/y/?] (NEW) 
libwebp-bin (libwebp-bin) [N/y/?] (NEW) 
libwebp-dbg (libwebp-dbg) [N/y/?] (NEW) 
*
* libx11 
*
libx11 (libx11) [N/y/?] (NEW) 
libx11-xcb (libx11-xcb) [N/y/?] (NEW) 
libx11-dev (libx11-dev) [N/y/?] (NEW) 
libx11-dbg (libx11-dbg) [N/y/?] (NEW) 
*
* libxau 
*
libxau (libxau) [N/y/?] (NEW) 
libxau-dev (libxau-dev) [N/y/?] (NEW) 
libxau-dbg (libxau-dbg) [N/y/?] (NEW) 
*
* libxcalibrate 
*
libxcalibrate (libxcalibrate) [N/y/?] (NEW) 
libxcalibrate-dbg (libxcalibrate-dbg) [N/y/?] (NEW) 
libxcalibrate-dev (libxcalibrate-dev) [N/y/?] (NEW) 
*
* libxcomposite 
*
libxcomposite (libxcomposite) [N/y/?] (NEW) 
libxcomposite-dev (libxcomposite-dev) [N/y/?] (NEW) 
libxcomposite-dbg (libxcomposite-dbg) [N/y/?] (NEW) 
*
* libxcursor 
*
libxcursor (libxcursor) [N/y/?] (NEW) 
libxcursor-dbg (libxcursor-dbg) [N/y/?] (NEW) 
libxcursor-dev (libxcursor-dev) [N/y/?] (NEW) 
*
* libxdamage 
*
libxdamage (libxdamage) [N/y/?] (NEW) 
libxdamage-dev (libxdamage-dev) [N/y/?] (NEW) 
libxdamage-dbg (libxdamage-dbg) [N/y/?] (NEW) 
*
* libxdmcp 
*
libxdmcp (libxdmcp) [N/y/?] (NEW) 
libxdmcp-dev (libxdmcp-dev) [N/y/?] (NEW) 
libxdmcp-dbg (libxdmcp-dbg) [N/y/?] (NEW) 
*
* libxext 
*
libxext (libxext) [N/y/?] (NEW) 
libxext-dev (libxext-dev) [N/y/?] (NEW) 
libxext-dbg (libxext-dbg) [N/y/?] (NEW) 
*
* libxfixes 
*
libxfixes (libxfixes) [N/y/?] (NEW) 
libxfixes-dev (libxfixes-dev) [N/y/?] (NEW) 
libxfixes-dbg (libxfixes-dbg) [N/y/?] (NEW) 
*
* libxfont 
*
libxfont (libxfont) [N/y/?] (NEW) 
libxfont-dbg (libxfont-dbg) [N/y/?] (NEW) 
libxfont-dev (libxfont-dev) [N/y/?] (NEW) 
*
* libxft 
*
libxft (libxft) [N/y/?] (NEW) 
libxft-dev (libxft-dev) [N/y/?] (NEW) 
libxft-dbg (libxft-dbg) [N/y/?] (NEW) 
*
* libxi 
*
libxi (libxi) [N/y/?] (NEW) 
libxi-dbg (libxi-dbg) [N/y/?] (NEW) 
libxi-dev (libxi-dev) [N/y/?] (NEW) 
*
* libxinerama 
*
libxinerama (libxinerama) [N/y/?] (NEW) 
libxinerama-dbg (libxinerama-dbg) [N/y/?] (NEW) 
libxinerama-dev (libxinerama-dev) [N/y/?] (NEW) 
*
* libxkbcommon 
*
libxkbcommon (libxkbcommon) [N/y/?] (NEW) 
libxkbcommon-dev (libxkbcommon-dev) [N/y/?] (NEW) 
libxkbcommon-dbg (libxkbcommon-dbg) [N/y/?] (NEW) 
*
* libxkbfile 
*
libxkbfile (libxkbfile) [N/y/?] (NEW) 
libxkbfile-dbg (libxkbfile-dbg) [N/y/?] (NEW) 
libxkbfile-dev (libxkbfile-dev) [N/y/?] (NEW) 
*
* libxml2 
*
libxml2 (libxml2) [N/y/?] (NEW) 
libxml2-dbg (libxml2-dbg) [N/y/?] (NEW) 
libxml2-dev (libxml2-dev) [N/y/?] (NEW) 
libxml2-python (libxml2-python) [N/y/?] (NEW) 
*
* libxmu 
*
libxmu (libxmu) [N/y/?] (NEW) 
libxmu-dbg (libxmu-dbg) [N/y/?] (NEW) 
libxmuu (libxmuu) [N/y/?] (NEW) 
libxmu-dev (libxmu-dev) [N/y/?] (NEW) 
*
* libxrandr 
*
libxrandr (libxrandr) [N/y/?] (NEW) 
libxrandr-dev (libxrandr-dev) [N/y/?] (NEW) 
libxrandr-dbg (libxrandr-dbg) [N/y/?] (NEW) 
*
* libxrender 
*
libxrender (libxrender) [N/y/?] (NEW) 
libxrender-dbg (libxrender-dbg) [N/y/?] (NEW) 
libxrender-dev (libxrender-dev) [N/y/?] (NEW) 
*
* libxslt 
*
libxslt (libxslt) [N/y/?] (NEW) 
libxslt-dbg (libxslt-dbg) [N/y/?] (NEW) 
libxslt-bin (libxslt-bin) [N/y/?] (NEW) 
libxslt-dev (libxslt-dev) [N/y/?] (NEW) 
*
* libxt 
*
libxt (libxt) [N/y/?] (NEW) 
libxt-dbg (libxt-dbg) [N/y/?] (NEW) 
libxt-dev (libxt-dev) [N/y/?] (NEW) 
*
* libxtst 
*
libxtst (libxtst) [N/y/?] (NEW) 
libxtst-dev (libxtst-dev) [N/y/?] (NEW) 
libxtst-dbg (libxtst-dbg) [N/y/?] (NEW) 
*
* libxv 
*
libxv (libxv) [N/y/?] (NEW) 
libxv-dbg (libxv-dbg) [N/y/?] (NEW) 
libxv-dev (libxv-dev) [N/y/?] (NEW) 
*
* libxxf86dga 
*
libxxf86dga (libxxf86dga) [N/y/?] (NEW) 
libxxf86dga-dbg (libxxf86dga-dbg) [N/y/?] (NEW) 
libxxf86dga-dev (libxxf86dga-dev) [N/y/?] (NEW) 
*
* libxxf86misc 
*
libxxf86misc (libxxf86misc) [N/y/?] (NEW) 
libxxf86misc-dbg (libxxf86misc-dbg) [N/y/?] (NEW) 
libxxf86misc-dev (libxxf86misc-dev) [N/y/?] (NEW) 
*
* libxxf86vm 
*
libxxf86vm (libxxf86vm) [N/y/?] (NEW) 
libxxf86vm-dbg (libxxf86vm-dbg) [N/y/?] (NEW) 
libxxf86vm-dev (libxxf86vm-dev) [N/y/?] (NEW) 
*
* lzo 
*
lzo (lzo) [N/y/?] (NEW) 
lzo-dev (lzo-dev) [N/y/?] (NEW) 
lzo-dbg (lzo-dbg) [N/y/?] (NEW) 
*
* mtdev 
*
mtdev (mtdev) [N/y/?] (NEW) 
mtdev-dbg (mtdev-dbg) [N/y/?] (NEW) 
mtdev-dev (mtdev-dev) [N/y/?] (NEW) 
*
* multimedia 
*
*
* alsa-lib 
*
alsa-lib (alsa-lib) [N/y/?] (NEW) 
alsa-lib-dbg (alsa-lib-dbg) [N/y/?] (NEW) 
alsa-server (alsa-server) [N/y/?] (NEW) 
libasound (libasound) [N/y/?] (NEW) 
alsa-conf-base (alsa-conf-base) [N/y/?] (NEW) 
alsa-lib-dev (alsa-lib-dev) [N/y/?] (NEW) 
alsa-conf (alsa-conf) [N/y/?] (NEW) 
*
* libsndfile1 
*
libsndfile1 (libsndfile1) [N/y/?] (NEW) 
libsndfile1-bin (libsndfile1-bin) [N/y/?] (NEW) 
libsndfile1-dbg (libsndfile1-dbg) [N/y/?] (NEW) 
libsndfile1-dev (libsndfile1-dev) [N/y/?] (NEW) 
*
* pulseaudio 
*
pulseaudio (pulseaudio) [N/y/?] (NEW) 
pulseaudio-server (pulseaudio-server) [N/y/?] (NEW) 
libpulse-simple (libpulse-simple) [N/y/?] (NEW) 
pulseaudio-module-console-kit (pulseaudio-module-console-kit) [N/y/?] (NEW) 
pulseaudio-misc (pulseaudio-misc) [N/y/?] (NEW) 
libpulse-mainloop-glib (libpulse-mainloop-glib) [N/y/?] (NEW) 
pulseaudio-bash-completion (pulseaudio-bash-completion) [N/y/?] (NEW) 
libpulse (libpulse) [N/y/?] (NEW) 
pulseaudio-dev (pulseaudio-dev) [N/y/?] (NEW) 
pulseaudio-dbg (pulseaudio-dbg) [N/y/?] (NEW) 
libpulsecore (libpulsecore) [N/y/?] (NEW) 
libpulsecommon (libpulsecommon) [N/y/?] (NEW) 
*
* ncurses 
*
ncurses (ncurses) [N/y/?] (NEW) 
ncurses-terminfo (ncurses-terminfo) [N/y/?] (NEW) 
ncurses-dev (ncurses-dev) [N/y/?] (NEW) 
ncurses-tools (ncurses-tools) [N/y/?] (NEW) 
ncurses-dbg (ncurses-dbg) [N/y/?] (NEW) 
ncurses-terminfo-base (ncurses-terminfo-base) [N/y/?] (NEW) 
*
* network 
*
*
* libpcap 
*
libpcap (libpcap) [N/y/?] (NEW) 
libpcap-dbg (libpcap-dbg) [N/y/?] (NEW) 
libpcap-dev (libpcap-dev) [N/y/?] (NEW) 
*
* libsocketcan 
*
libsocketcan (libsocketcan) [N/y/?] (NEW) 
libsocketcan-dev (libsocketcan-dev) [N/y/?] (NEW) 
libsocketcan-dbg (libsocketcan-dbg) [N/y/?] (NEW) 
*
* openssl 
*
openssl (openssl) [N/y/?] (NEW) 
openssl-engines (openssl-engines) [N/y/?] (NEW) 
openssl-misc (openssl-misc) [N/y/?] (NEW) 
openssl-dev (openssl-dev) [N/y/?] (NEW) 
libcrypto (libcrypto) [N/y/?] (NEW) 
libssl (libssl) [N/y/?] (NEW) 
openssl-dbg (openssl-dbg) [N/y/?] (NEW) 
openssl-conf (openssl-conf) [N/y/?] (NEW) 
*
* open-amp 
*
open-amp (open-amp) [N/y/?] (NEW) 
open-amp-dev (open-amp-dev) [N/y/?] (NEW) 
open-amp-dbg (open-amp-dbg) [N/y/?] (NEW) 
*
* opencv 
*
opencv (opencv) [N/y/?] (NEW) 
opencv-samples (opencv-samples) [N/y/?] (NEW) 
opencv-apps (opencv-apps) [N/y/?] (NEW) 
opencv-dbg (opencv-dbg) [N/y/?] (NEW) 
python-opencv (python-opencv) [N/y/?] (NEW) 
opencv-samples-dbg (opencv-samples-dbg) [N/y/?] (NEW) 
opencv-dev (opencv-dev) [N/y/?] (NEW) 
*
* ossp-uuid 
*
ossp-uuid (ossp-uuid) [N/y/?] (NEW) 
uuid (uuid) [N/y/?] (NEW) 
ossp-uuid-dbg (ossp-uuid-dbg) [N/y/?] (NEW) 
ossp-uuid-dev (ossp-uuid-dev) [N/y/?] (NEW) 
*
* pango 
*
pango (pango) [N/y/?] (NEW) 
pango-dev (pango-dev) [N/y/?] (NEW) 
pango-dbg (pango-dbg) [N/y/?] (NEW) 
*
* popt 
*
popt (popt) [N/y/?] (NEW) 
popt-dbg (popt-dbg) [N/y/?] (NEW) 
popt-dev (popt-dev) [N/y/?] (NEW) 
*
* qwt 
*
qwt (qwt) [N/y/?] (NEW) 
qwt-plugins (qwt-plugins) [N/y/?] (NEW) 
qwt-dbg (qwt-dbg) [N/y/?] (NEW) 
qwt-dev (qwt-dev) [N/y/?] (NEW) 
qwt-features (qwt-features) [N/y/?] (NEW) 
*
* readline 
*
readline (readline) [N/y/?] (NEW) 
readline-dbg (readline-dbg) [N/y/?] (NEW) 
readline-dev (readline-dev) [N/y/?] (NEW) 
*
* sbc 
*
sbc (sbc) [N/y/?] (NEW) 
sbc-dbg (sbc-dbg) [N/y/?] (NEW) 
sbc-dev (sbc-dev) [N/y/?] (NEW) 
*
* speexdsp 
*
speexdsp (speexdsp) [N/y/?] (NEW) 
speexdsp-dbg (speexdsp-dbg) [N/y/?] (NEW) 
speexdsp-dev (speexdsp-dev) [N/y/?] (NEW) 
*
* sqlite3 
*
sqlite3 (sqlite3) [N/y/?] (NEW) 
libsqlite3 (libsqlite3) [N/y/?] (NEW) 
libsqlite3-dev (libsqlite3-dev) [N/y/?] (NEW) 
sqlite3-dbg (sqlite3-dbg) [N/y/?] (NEW) 
*
* startup-notification 
*
startup-notification (startup-notification) [N/y/?] (NEW) 
startup-notification-dbg (startup-notification-dbg) [N/y/?] (NEW) 
startup-notification-dev (startup-notification-dev) [N/y/?] (NEW) 
*
* tremor 
*
tremor (tremor) [N/y/?] (NEW) 
tremor-dbg (tremor-dbg) [N/y/?] (NEW) 
tremor-dev (tremor-dev) [N/y/?] (NEW) 
*
* zlib 
*
zlib (zlib) [N/y/?] (NEW) 
zlib-dbg (zlib-dbg) [N/y/?] (NEW) 
zlib-dev (zlib-dev) [N/y/?] (NEW) 
*
* misc 
*
*
* at-spi2-atk 
*
at-spi2-atk (at-spi2-atk) [N/y/?] (NEW) 
at-spi2-atk-dbg (at-spi2-atk-dbg) [N/y/?] (NEW) 
at-spi2-atk-dev (at-spi2-atk-dev) [N/y/?] (NEW) 
at-spi2-atk-gtk2 (at-spi2-atk-gtk2) [N/y/?] (NEW) 
at-spi2-atk-gnome (at-spi2-atk-gnome) [N/y/?] (NEW) 
*
* at-spi2-core 
*
at-spi2-core (at-spi2-core) [N/y/?] (NEW) 
at-spi2-core-dbg (at-spi2-core-dbg) [N/y/?] (NEW) 
at-spi2-core-dev (at-spi2-core-dev) [N/y/?] (NEW) 
*
* consolekit 
*
consolekit (consolekit) [N/y/?] (NEW) 
consolekit-dev (consolekit-dev) [N/y/?] (NEW) 
consolekit-dbg (consolekit-dbg) [N/y/?] (NEW) 
*
* coreutils 
*
coreutils (coreutils) [N/y/?] (NEW) 
coreutils-dev (coreutils-dev) [N/y/?] (NEW) 
coreutils-dbg (coreutils-dbg) [N/y/?] (NEW) 
*
* cpufrequtils 
*
cpufrequtils (cpufrequtils) [N/y/?] (NEW) 
cpufrequtils-dev (cpufrequtils-dev) [N/y/?] (NEW) 
cpufrequtils-dbg (cpufrequtils-dbg) [N/y/?] (NEW) 
*
* cryptodev-linux 
*
cryptodev-linux (cryptodev-linux) [N/y/?] (NEW) 
cryptodev-linux-dev (cryptodev-linux-dev) [N/y/?] (NEW) 
cryptodev-linux-dbg (cryptodev-linux-dbg) [N/y/?] (NEW) 
*
* encodings 
*
encodings (encodings) [N/y/?] (NEW) 
encodings-dbg (encodings-dbg) [N/y/?] (NEW) 
encodings-dev (encodings-dev) [N/y/?] (NEW) 
*
* eudev 
*
eudev (eudev) [N/y/?] (NEW) 
eudev-dbg (eudev-dbg) [N/y/?] (NEW) 
eudev-hwdb (eudev-hwdb) [N/y/?] (NEW) 
libudev (libudev) [N/y/?] (NEW) 
udev-cache (udev-cache) [N/y/?] (NEW) 
eudev-dev (eudev-dev) [N/y/?] (NEW) 
*
* fbset 
*
fbset (fbset) [N/y/?] (NEW) 
fbset-dbg (fbset-dbg) [N/y/?] (NEW) 
fbset-dev (fbset-dev) [N/y/?] (NEW) 
*
* fbset-modes 
*
fbset-modes (fbset-modes) [N/y/?] (NEW) 
fbset-modes-dev (fbset-modes-dev) [N/y/?] (NEW) 
fbset-modes-dbg (fbset-modes-dbg) [N/y/?] (NEW) 
*
* font-util 
*
font-util (font-util) [N/y/?] (NEW) 
font-util-dbg (font-util-dbg) [N/y/?] (NEW) 
font-util-dev (font-util-dev) [N/y/?] (NEW) 
*
* gcc-runtime-xilinx 
*
libstdc++ (libstdcPLUSPLUS) [N/y/?] (NEW) 
libitm (libitm) [N/y/?] (NEW) 
libssp (libssp) [N/y/?] (NEW) 
libstdc++-dev (libstdcPLUSPLUS-dev) [N/y/?] (NEW) 
libatomic (libatomic) [N/y/?] (NEW) 
libatomic-dev (libatomic-dev) [N/y/?] (NEW) 
libssp-dev (libssp-dev) [N/y/?] (NEW) 
libitm-dev (libitm-dev) [N/y/?] (NEW) 
*
* gdb 
*
gdb (gdb) [N/y/?] (NEW) 
gdb-dev (gdb-dev) [N/y/?] (NEW) 
gdbserver (gdbserver) [N/y/?] (NEW) 
gdb-dbg (gdb-dbg) [N/y/?] (NEW) 
*
* glib-2.0 
*
glib-2.0 (glib-2.0) [N/y/?] (NEW) 
glib-2.0-dbg (glib-2.0-dbg) [N/y/?] (NEW) 
glib-2.0-bash-completion (glib-2.0-bash-completion) [N/y/?] (NEW) 
glib-2.0-dev (glib-2.0-dev) [N/y/?] (NEW) 
glib-2.0-utils (glib-2.0-utils) [N/y/?] (NEW) 
glib-2.0-codegen (glib-2.0-codegen) [N/y/?] (NEW) 
*
* glibc-xilinx 
*
glibc-xilinx (glibc-xilinx) [N/y/?] (NEW) 
glibc-xilinx-dbg (glibc-xilinx-dbg) [N/y/?] (NEW) 
glibc-extra-nss (glibc-extra-nss) [N/y/?] (NEW) 
libsegfault (libsegfault) [N/y/?] (NEW) 
sln (sln) [N/y/?] (NEW) 
glibc-xilinx-dev (glibc-xilinx-dev) [N/y/?] (NEW) 
glibc-xilinx-pic (glibc-xilinx-pic) [N/y/?] (NEW) 
libmemusage (libmemusage) [N/y/?] (NEW) 
glibc-xilinx-utils (glibc-xilinx-utils) [N/y/?] (NEW) 
tzcode (tzcode) [N/y/?] (NEW) 
glibc-thread-db (glibc-thread-db) [N/y/?] (NEW) 
ldd (ldd) [N/y/?] (NEW) 
glibc-xilinx-pcprofile (glibc-xilinx-pcprofile) [N/y/?] (NEW) 
nscd (nscd) [N/y/?] (NEW) 
catchsegv (catchsegv) [N/y/?] (NEW) 
libsotruss (libsotruss) [N/y/?] (NEW) 
libcidn (libcidn) [N/y/?] (NEW) 
*
* gnome-desktop-testing 
*
gnome-desktop-testing (gnome-desktop-testing) [N/y/?] (NEW) 
gnome-desktop-testing-dev (gnome-desktop-testing-dev) [N/y/?] (NEW) 
gnome-desktop-testing-dbg (gnome-desktop-testing-dbg) [N/y/?] (NEW) 
*
* gstreamer1.0-plugins-base 
*
gstreamer1.0-plugins-base (gstreamer1.0-plugins-base) [N/y/?] (NEW) 
gstreamer1.0-plugins-base-dbg (gstreamer1.0-plugins-base-dbg) [N/y/?] (NEW) 
gstreamer1.0-plugins-base-meta (gstreamer1.0-plugins-base-meta) [N/y/?] (NEW) 
gstreamer1.0-plugins-base-apps (gstreamer1.0-plugins-base-apps) [N/y/?] (NEW) 
gstreamer1.0-plugins-base-dev (gstreamer1.0-plugins-base-dev) [N/y/?] (NEW) 
*
* hicolor-icon-theme 
*
hicolor-icon-theme (hicolor-icon-theme) [N/y/?] (NEW) 
hicolor-icon-theme-dev (hicolor-icon-theme-dev) [N/y/?] (NEW) 
hicolor-icon-theme-dbg (hicolor-icon-theme-dbg) [N/y/?] (NEW) 
*
* icu 
*
icu (icu) [N/y/?] (NEW) 
libicuuc (libicuuc) [N/y/?] (NEW) 
libicudata (libicudata) [N/y/?] (NEW) 
icu-dev (icu-dev) [N/y/?] (NEW) 
libicuio (libicuio) [N/y/?] (NEW) 
icu-dbg (icu-dbg) [N/y/?] (NEW) 
libicutu (libicutu) [N/y/?] (NEW) 
libicui18n (libicui18n) [N/y/?] (NEW) 
libiculx (libiculx) [N/y/?] (NEW) 
libicule (libicule) [N/y/?] (NEW) 
*
* iptables 
*
iptables (iptables) [N/y/?] (NEW) 
iptables-dbg (iptables-dbg) [N/y/?] (NEW) 
iptables-dev (iptables-dev) [N/y/?] (NEW) 
*
* iso-codes 
*
iso-codes (iso-codes) [N/y/?] (NEW) 
iso-codes-dev (iso-codes-dev) [N/y/?] (NEW) 
iso-codes-dbg (iso-codes-dbg) [N/y/?] (NEW) 
*
* json-c 
*
json-c (json-c) [N/y/?] (NEW) 
json-c-dev (json-c-dev) [N/y/?] (NEW) 
json-c-dbg (json-c-dbg) [N/y/?] (NEW) 
*
* lttng-ust 
*
lttng-ust (lttng-ust) [N/y/?] (NEW) 
lttng-ust-dbg (lttng-ust-dbg) [N/y/?] (NEW) 
lttng-ust-dev (lttng-ust-dev) [N/y/?] (NEW) 
lttng-ust-bin (lttng-ust-bin) [N/y/?] (NEW) 
*
* m4 
*
m4 (m4) [N/y/?] (NEW) 
m4-dbg (m4-dbg) [N/y/?] (NEW) 
m4-dev (m4-dev) [N/y/?] (NEW) 
*
* matchbox-config-gtk 
*
matchbox-config-gtk (matchbox-config-gtk) [N/y/?] (NEW) 
matchbox-config-gtk-dev (matchbox-config-gtk-dev) [N/y/?] (NEW) 
matchbox-config-gtk-dbg (matchbox-config-gtk-dbg) [N/y/?] (NEW) 
*
* matchbox-panel-2 
*
matchbox-panel-2 (matchbox-panel-2) [N/y/?] (NEW) 
matchbox-panel-2-dbg (matchbox-panel-2-dbg) [N/y/?] (NEW) 
matchbox-panel-2-dev (matchbox-panel-2-dev) [N/y/?] (NEW) 
*
* mkfontdir 
*
mkfontdir (mkfontdir) [N/y/?] (NEW) 
mkfontdir-dbg (mkfontdir-dbg) [N/y/?] (NEW) 
mkfontdir-dev (mkfontdir-dev) [N/y/?] (NEW) 
*
* mkfontscale 
*
mkfontscale (mkfontscale) [N/y/?] (NEW) 
mkfontscale-dev (mkfontscale-dev) [N/y/?] (NEW) 
mkfontscale-dbg (mkfontscale-dbg) [N/y/?] (NEW) 
*
* net-tools 
*
net-tools (net-tools) [N/y/?] (NEW) 
net-tools-dev (net-tools-dev) [N/y/?] (NEW) 
net-tools-dbg (net-tools-dbg) [N/y/?] (NEW) 
*
* ofono 
*
ofono (ofono) [N/y/?] (NEW) 
ofono-tests (ofono-tests) [N/y/?] (NEW) 
ofono-dev (ofono-dev) [N/y/?] (NEW) 
ofono-dbg (ofono-dbg) [N/y/?] (NEW) 
*
* orc 
*
orc (orc) [N/y/?] (NEW) 
orc-examples (orc-examples) [N/y/?] (NEW) 
orc-dbg (orc-dbg) [N/y/?] (NEW) 
orc-dev (orc-dev) [N/y/?] (NEW) 
*
* packagegroup-core-boot 
*
packagegroup-core-boot (packagegroup-core-boot) [Y/n/?] 
packagegroup-core-boot-dbg (packagegroup-core-boot-dbg) [N/y/?] (NEW) 
packagegroup-core-boot-dev (packagegroup-core-boot-dev) [N/y/?] (NEW) 
*
* packagegroup-core-ssh-dropbear 
*
packagegroup-core-ssh-dropbear (packagegroup-core-ssh-dropbear) [Y/n/?] 
packagegroup-core-ssh-dropbear-dev (packagegroup-core-ssh-dropbear-dev) [N/y/?] (NEW) 
packagegroup-core-ssh-dropbear-dbg (packagegroup-core-ssh-dropbear-dbg) [N/y/?] (NEW) 
*
* packagegroup-petalinux 
*
packagegroup-petalinux (packagegroup-petalinux) [N/y/?] (NEW) 
packagegroup-petalinux-dev (packagegroup-petalinux-dev) [N/y/?] (NEW) 
packagegroup-petalinux-dbg (packagegroup-petalinux-dbg) [N/y/?] (NEW) 
*
* packagegroup-petalinux-opencv 
*
packagegroup-petalinux-opencv (packagegroup-petalinux-opencv) [N/y/?] (NEW) 
packagegroup-petalinux-opencv-dev (packagegroup-petalinux-opencv-dev) [N/y/?] (NEW) 
packagegroup-petalinux-opencv-dbg (packagegroup-petalinux-opencv-dbg) [N/y/?] (NEW) 
*
* packagegroup-petalinux-qt 
*
packagegroup-petalinux-qt (packagegroup-petalinux-qt) [N/y/?] (NEW) 
packagegroup-petalinux-qt-dev (packagegroup-petalinux-qt-dev) [N/y/?] (NEW) 
packagegroup-petalinux-qt-dbg (packagegroup-petalinux-qt-dbg) [N/y/?] (NEW) 
*
* packagegroup-petalinux-x11 
*
packagegroup-petalinux-x11 (packagegroup-petalinux-x11) [N/y/?] (NEW) 
packagegroup-petalinux-x11-dev (packagegroup-petalinux-x11-dev) [N/y/?] (NEW) 
packagegroup-petalinux-x11-dbg (packagegroup-petalinux-x11-dbg) [N/y/?] (NEW) 
*
* pixman 
*
pixman (pixman) [N/y/?] (NEW) 
pixman-dbg (pixman-dbg) [N/y/?] (NEW) 
pixman-dev (pixman-dev) [N/y/?] (NEW) 
*
* ptest-runner 
*
ptest-runner (ptest-runner) [N/y/?] (NEW) 
ptest-runner-dbg (ptest-runner-dbg) [N/y/?] (NEW) 
ptest-runner-dev (ptest-runner-dev) [N/y/?] (NEW) 
*
* qtbase 
*
qtbase (qtbase) [N/y/?] (NEW) 
qtbase-dev (qtbase-dev) [N/y/?] (NEW) 
qtbase-examples (qtbase-examples) [N/y/?] (NEW) 
qtbase-fonts-ttf-vera (qtbase-fonts-ttf-vera) [N/y/?] (NEW) 
qtbase-examples-dev (qtbase-examples-dev) [N/y/?] (NEW) 
qtbase-fonts (qtbase-fonts) [N/y/?] (NEW) 
qtbase-plugins-dbg (qtbase-plugins-dbg) [N/y/?] (NEW) 
qtbase-tools (qtbase-tools) [N/y/?] (NEW) 
qtbase-plugins (qtbase-plugins) [N/y/?] (NEW) 
qtbase-qmlplugins (qtbase-qmlplugins) [N/y/?] (NEW) 
qtbase-qmldesigner (qtbase-qmldesigner) [N/y/?] (NEW) 
qtbase-mkspecs (qtbase-mkspecs) [N/y/?] (NEW) 
qtbase-examples-dbg (qtbase-examples-dbg) [N/y/?] (NEW) 
qtbase-tools-dbg (qtbase-tools-dbg) [N/y/?] (NEW) 
qtbase-fonts-qpf (qtbase-fonts-qpf) [N/y/?] (NEW) 
qtbase-dbg (qtbase-dbg) [N/y/?] (NEW) 
qtbase-fonts-ttf-dejavu (qtbase-fonts-ttf-dejavu) [N/y/?] (NEW) 
qtbase-fonts-pfa (qtbase-fonts-pfa) [N/y/?] (NEW) 
qtbase-fonts-pfb (qtbase-fonts-pfb) [N/y/?] (NEW) 
*
* qtconnectivity 
*
qtconnectivity (qtconnectivity) [N/y/?] (NEW) 
qtconnectivity-tools (qtconnectivity-tools) [N/y/?] (NEW) 
qtconnectivity-dbg (qtconnectivity-dbg) [N/y/?] (NEW) 
qtconnectivity-qmldesigner (qtconnectivity-qmldesigner) [N/y/?] (NEW) 
qtconnectivity-qmlplugins (qtconnectivity-qmlplugins) [N/y/?] (NEW) 
qtconnectivity-mkspecs (qtconnectivity-mkspecs) [N/y/?] (NEW) 
qtconnectivity-tools-dbg (qtconnectivity-tools-dbg) [N/y/?] (NEW) 
qtconnectivity-dev (qtconnectivity-dev) [N/y/?] (NEW) 
qtconnectivity-plugins-dbg (qtconnectivity-plugins-dbg) [N/y/?] (NEW) 
qtconnectivity-qmlplugins-dbg (qtconnectivity-qmlplugins-dbg) [N/y/?] (NEW) 
qtconnectivity-examples (qtconnectivity-examples) [N/y/?] (NEW) 
qtconnectivity-examples-dev (qtconnectivity-examples-dev) [N/y/?] (NEW) 
qtconnectivity-plugins (qtconnectivity-plugins) [N/y/?] (NEW) 
qtconnectivity-examples-dbg (qtconnectivity-examples-dbg) [N/y/?] (NEW) 
*
* qtdeclarative 
*
qtdeclarative (qtdeclarative) [N/y/?] (NEW) 
qtdeclarative-mkspecs (qtdeclarative-mkspecs) [N/y/?] (NEW) 
qtdeclarative-examples (qtdeclarative-examples) [N/y/?] (NEW) 
qtdeclarative-examples-dbg (qtdeclarative-examples-dbg) [N/y/?] (NEW) 
qtdeclarative-plugins-dbg (qtdeclarative-plugins-dbg) [N/y/?] (NEW) 
qtdeclarative-qmlplugins (qtdeclarative-qmlplugins) [N/y/?] (NEW) 
qtdeclarative-tools-dbg (qtdeclarative-tools-dbg) [N/y/?] (NEW) 
qtdeclarative-qmldesigner (qtdeclarative-qmldesigner) [N/y/?] (NEW) 
qtdeclarative-plugins (qtdeclarative-plugins) [N/y/?] (NEW) 
qtdeclarative-dev (qtdeclarative-dev) [N/y/?] (NEW) 
qtdeclarative-qmlplugins-dbg (qtdeclarative-qmlplugins-dbg) [N/y/?] (NEW) 
qtdeclarative-tools (qtdeclarative-tools) [N/y/?] (NEW) 
qtdeclarative-examples-dev (qtdeclarative-examples-dev) [N/y/?] (NEW) 
qtdeclarative-dbg (qtdeclarative-dbg) [N/y/?] (NEW) 
*
* qtenginio 
*
qtenginio (qtenginio) [N/y/?] (NEW) 
qtenginio-examples (qtenginio-examples) [N/y/?] (NEW) 
qtenginio-tools (qtenginio-tools) [N/y/?] (NEW) 
qtenginio-qmlplugins (qtenginio-qmlplugins) [N/y/?] (NEW) 
qtenginio-dbg (qtenginio-dbg) [N/y/?] (NEW) 
qtenginio-examples-dev (qtenginio-examples-dev) [N/y/?] (NEW) 
qtenginio-dev (qtenginio-dev) [N/y/?] (NEW) 
qtenginio-mkspecs (qtenginio-mkspecs) [N/y/?] (NEW) 
qtenginio-plugins-dbg (qtenginio-plugins-dbg) [N/y/?] (NEW) 
qtenginio-qmldesigner (qtenginio-qmldesigner) [N/y/?] (NEW) 
qtenginio-tools-dbg (qtenginio-tools-dbg) [N/y/?] (NEW) 
qtenginio-plugins (qtenginio-plugins) [N/y/?] (NEW) 
qtenginio-examples-dbg (qtenginio-examples-dbg) [N/y/?] (NEW) 
qtenginio-qmlplugins-dbg (qtenginio-qmlplugins-dbg) [N/y/?] (NEW) 
*
* qtimageformats 
*
qtimageformats (qtimageformats) [N/y/?] (NEW) 
qtimageformats-examples-dbg (qtimageformats-examples-dbg) [N/y/?] (NEW) 
qtimageformats-dev (qtimageformats-dev) [N/y/?] (NEW) 
qtimageformats-mkspecs (qtimageformats-mkspecs) [N/y/?] (NEW) 
qtimageformats-dbg (qtimageformats-dbg) [N/y/?] (NEW) 
qtimageformats-plugins (qtimageformats-plugins) [N/y/?] (NEW) 
qtimageformats-plugins-dbg (qtimageformats-plugins-dbg) [N/y/?] (NEW) 
qtimageformats-qmlplugins (qtimageformats-qmlplugins) [N/y/?] (NEW) 
qtimageformats-tools-dbg (qtimageformats-tools-dbg) [N/y/?] (NEW) 
qtimageformats-examples-dev (qtimageformats-examples-dev) [N/y/?] (NEW) 
qtimageformats-examples (qtimageformats-examples) [N/y/?] (NEW) 
qtimageformats-qmldesigner (qtimageformats-qmldesigner) [N/y/?] (NEW) 
qtimageformats-tools (qtimageformats-tools) [N/y/?] (NEW) 
qtimageformats-qmlplugins-dbg (qtimageformats-qmlplugins-dbg) [N/y/?] (NEW) 
*
* qtlocation 
*
qtlocation (qtlocation) [N/y/?] (NEW) 
qtlocation-dbg (qtlocation-dbg) [N/y/?] (NEW) 
qtlocation-qmlplugins-dbg (qtlocation-qmlplugins-dbg) [N/y/?] (NEW) 
qtlocation-examples-dbg (qtlocation-examples-dbg) [N/y/?] (NEW) 
qtlocation-qmlplugins (qtlocation-qmlplugins) [N/y/?] (NEW) 
qtlocation-tools (qtlocation-tools) [N/y/?] (NEW) 
qtlocation-mkspecs (qtlocation-mkspecs) [N/y/?] (NEW) 
qtlocation-plugins-dbg (qtlocation-plugins-dbg) [N/y/?] (NEW) 
qtlocation-dev (qtlocation-dev) [N/y/?] (NEW) 
qtlocation-examples (qtlocation-examples) [N/y/?] (NEW) 
qtlocation-examples-dev (qtlocation-examples-dev) [N/y/?] (NEW) 
qtlocation-tools-dbg (qtlocation-tools-dbg) [N/y/?] (NEW) 
qtlocation-qmldesigner (qtlocation-qmldesigner) [N/y/?] (NEW) 
qtlocation-plugins (qtlocation-plugins) [N/y/?] (NEW) 
*
* qtmultimedia 
*
qtmultimedia (qtmultimedia) [N/y/?] (NEW) 
qtmultimedia-dev (qtmultimedia-dev) [N/y/?] (NEW) 
qtmultimedia-qmldesigner (qtmultimedia-qmldesigner) [N/y/?] (NEW) 
qtmultimedia-examples-dev (qtmultimedia-examples-dev) [N/y/?] (NEW) 
qtmultimedia-tools (qtmultimedia-tools) [N/y/?] (NEW) 
qtmultimedia-qmlplugins-dbg (qtmultimedia-qmlplugins-dbg) [N/y/?] (NEW) 
qtmultimedia-examples (qtmultimedia-examples) [N/y/?] (NEW) 
qtmultimedia-examples-dbg (qtmultimedia-examples-dbg) [N/y/?] (NEW) 
qtmultimedia-qmlplugins (qtmultimedia-qmlplugins) [N/y/?] (NEW) 
qtmultimedia-mkspecs (qtmultimedia-mkspecs) [N/y/?] (NEW) 
qtmultimedia-plugins-dbg (qtmultimedia-plugins-dbg) [N/y/?] (NEW) 
qtmultimedia-dbg (qtmultimedia-dbg) [N/y/?] (NEW) 
qtmultimedia-tools-dbg (qtmultimedia-tools-dbg) [N/y/?] (NEW) 
qtmultimedia-plugins (qtmultimedia-plugins) [N/y/?] (NEW) 
*
* qtquick1 
*
qtquick1 (qtquick1) [N/y/?] (NEW) 
qtquick1-plugins (qtquick1-plugins) [N/y/?] (NEW) 
qtquick1-dev (qtquick1-dev) [N/y/?] (NEW) 
qtquick1-dbg (qtquick1-dbg) [N/y/?] (NEW) 
qtquick1-examples (qtquick1-examples) [N/y/?] (NEW) 
qtquick1-tools-dbg (qtquick1-tools-dbg) [N/y/?] (NEW) 
qtquick1-qmlplugins-dbg (qtquick1-qmlplugins-dbg) [N/y/?] (NEW) 
qtquick1-mkspecs (qtquick1-mkspecs) [N/y/?] (NEW) 
qtquick1-tools (qtquick1-tools) [N/y/?] (NEW) 
qtquick1-qmlplugins (qtquick1-qmlplugins) [N/y/?] (NEW) 
qtquick1-examples-dbg (qtquick1-examples-dbg) [N/y/?] (NEW) 
qtquick1-qmldesigner (qtquick1-qmldesigner) [N/y/?] (NEW) 
qtquick1-examples-dev (qtquick1-examples-dev) [N/y/?] (NEW) 
qtquick1-plugins-dbg (qtquick1-plugins-dbg) [N/y/?] (NEW) 
*
* qtquickcontrols 
*
qtquickcontrols (qtquickcontrols) [N/y/?] (NEW) 
qtquickcontrols-tools-dbg (qtquickcontrols-tools-dbg) [N/y/?] (NEW) 
qtquickcontrols-qmldesigner (qtquickcontrols-qmldesigner) [N/y/?] (NEW) 
qtquickcontrols-tools (qtquickcontrols-tools) [N/y/?] (NEW) 
qtquickcontrols-examples-dbg (qtquickcontrols-examples-dbg) [N/y/?] (NEW) 
qtquickcontrols-dev (qtquickcontrols-dev) [N/y/?] (NEW) 
qtquickcontrols-mkspecs (qtquickcontrols-mkspecs) [N/y/?] (NEW) 
qtquickcontrols-dbg (qtquickcontrols-dbg) [N/y/?] (NEW) 
qtquickcontrols-examples (qtquickcontrols-examples) [N/y/?] (NEW) 
qtquickcontrols-qmlplugins (qtquickcontrols-qmlplugins) [N/y/?] (NEW) 
qtquickcontrols-plugins (qtquickcontrols-plugins) [N/y/?] (NEW) 
qtquickcontrols-qmlplugins-dbg (qtquickcontrols-qmlplugins-dbg) [N/y/?] (NEW) 
qtquickcontrols-examples-dev (qtquickcontrols-examples-dev) [N/y/?] (NEW) 
qtquickcontrols-plugins-dbg (qtquickcontrols-plugins-dbg) [N/y/?] (NEW) 
*
* qtscript 
*
qtscript (qtscript) [N/y/?] (NEW) 
qtscript-qmldesigner (qtscript-qmldesigner) [N/y/?] (NEW) 
qtscript-dbg (qtscript-dbg) [N/y/?] (NEW) 
qtscript-plugins-dbg (qtscript-plugins-dbg) [N/y/?] (NEW) 
qtscript-tools-dbg (qtscript-tools-dbg) [N/y/?] (NEW) 
qtscript-examples (qtscript-examples) [N/y/?] (NEW) 
qtscript-plugins (qtscript-plugins) [N/y/?] (NEW) 
qtscript-mkspecs (qtscript-mkspecs) [N/y/?] (NEW) 
qtscript-dev (qtscript-dev) [N/y/?] (NEW) 
qtscript-examples-dev (qtscript-examples-dev) [N/y/?] (NEW) 
qtscript-tools (qtscript-tools) [N/y/?] (NEW) 
qtscript-examples-dbg (qtscript-examples-dbg) [N/y/?] (NEW) 
qtscript-qmlplugins (qtscript-qmlplugins) [N/y/?] (NEW) 
qtscript-qmlplugins-dbg (qtscript-qmlplugins-dbg) [N/y/?] (NEW) 
*
* qtsensors 
*
qtsensors (qtsensors) [N/y/?] (NEW) 
qtsensors-qmldesigner (qtsensors-qmldesigner) [N/y/?] (NEW) 
qtsensors-examples-dev (qtsensors-examples-dev) [N/y/?] (NEW) 
qtsensors-examples (qtsensors-examples) [N/y/?] (NEW) 
qtsensors-mkspecs (qtsensors-mkspecs) [N/y/?] (NEW) 
qtsensors-plugins (qtsensors-plugins) [N/y/?] (NEW) 
qtsensors-plugins-dbg (qtsensors-plugins-dbg) [N/y/?] (NEW) 
qtsensors-tools (qtsensors-tools) [N/y/?] (NEW) 
qtsensors-tools-dbg (qtsensors-tools-dbg) [N/y/?] (NEW) 
qtsensors-examples-dbg (qtsensors-examples-dbg) [N/y/?] (NEW) 
qtsensors-qmlplugins (qtsensors-qmlplugins) [N/y/?] (NEW) 
qtsensors-qmlplugins-dbg (qtsensors-qmlplugins-dbg) [N/y/?] (NEW) 
qtsensors-dbg (qtsensors-dbg) [N/y/?] (NEW) 
qtsensors-dev (qtsensors-dev) [N/y/?] (NEW) 
*
* qtserialport 
*
qtserialport (qtserialport) [N/y/?] (NEW) 
qtserialport-plugins-dbg (qtserialport-plugins-dbg) [N/y/?] (NEW) 
qtserialport-tools-dbg (qtserialport-tools-dbg) [N/y/?] (NEW) 
qtserialport-examples (qtserialport-examples) [N/y/?] (NEW) 
qtserialport-dbg (qtserialport-dbg) [N/y/?] (NEW) 
qtserialport-examples-dbg (qtserialport-examples-dbg) [N/y/?] (NEW) 
qtserialport-tools (qtserialport-tools) [N/y/?] (NEW) 
qtserialport-plugins (qtserialport-plugins) [N/y/?] (NEW) 
qtserialport-dev (qtserialport-dev) [N/y/?] (NEW) 
qtserialport-mkspecs (qtserialport-mkspecs) [N/y/?] (NEW) 
qtserialport-qmlplugins (qtserialport-qmlplugins) [N/y/?] (NEW) 
qtserialport-qmldesigner (qtserialport-qmldesigner) [N/y/?] (NEW) 
qtserialport-qmlplugins-dbg (qtserialport-qmlplugins-dbg) [N/y/?] (NEW) 
qtserialport-examples-dev (qtserialport-examples-dev) [N/y/?] (NEW) 
*
* qtsvg 
*
qtsvg (qtsvg) [N/y/?] (NEW) 
qtsvg-qmlplugins (qtsvg-qmlplugins) [N/y/?] (NEW) 
qtsvg-plugins (qtsvg-plugins) [N/y/?] (NEW) 
qtsvg-tools (qtsvg-tools) [N/y/?] (NEW) 
qtsvg-qmlplugins-dbg (qtsvg-qmlplugins-dbg) [N/y/?] (NEW) 
qtsvg-dbg (qtsvg-dbg) [N/y/?] (NEW) 
qtsvg-mkspecs (qtsvg-mkspecs) [N/y/?] (NEW) 
qtsvg-examples-dbg (qtsvg-examples-dbg) [N/y/?] (NEW) 
qtsvg-tools-dbg (qtsvg-tools-dbg) [N/y/?] (NEW) 
qtsvg-qmldesigner (qtsvg-qmldesigner) [N/y/?] (NEW) 
qtsvg-dev (qtsvg-dev) [N/y/?] (NEW) 
qtsvg-examples (qtsvg-examples) [N/y/?] (NEW) 
qtsvg-plugins-dbg (qtsvg-plugins-dbg) [N/y/?] (NEW) 
qtsvg-examples-dev (qtsvg-examples-dev) [N/y/?] (NEW) 
*
* qtsystems 
*
qtsystems (qtsystems) [N/y/?] (NEW) 
qtsystems-dbg (qtsystems-dbg) [N/y/?] (NEW) 
qtsystems-qmlplugins-dbg (qtsystems-qmlplugins-dbg) [N/y/?] (NEW) 
qtsystems-tools (qtsystems-tools) [N/y/?] (NEW) 
qtsystems-mkspecs (qtsystems-mkspecs) [N/y/?] (NEW) 
qtsystems-examples-dev (qtsystems-examples-dev) [N/y/?] (NEW) 
qtsystems-tools-dbg (qtsystems-tools-dbg) [N/y/?] (NEW) 
qtsystems-examples-dbg (qtsystems-examples-dbg) [N/y/?] (NEW) 
qtsystems-dev (qtsystems-dev) [N/y/?] (NEW) 
qtsystems-plugins-dbg (qtsystems-plugins-dbg) [N/y/?] (NEW) 
qtsystems-qmlplugins (qtsystems-qmlplugins) [N/y/?] (NEW) 
qtsystems-qmldesigner (qtsystems-qmldesigner) [N/y/?] (NEW) 
qtsystems-examples (qtsystems-examples) [N/y/?] (NEW) 
qtsystems-plugins (qtsystems-plugins) [N/y/?] (NEW) 
*
* qttools 
*
qttools (qttools) [N/y/?] (NEW) 
qttools-plugins-dbg (qttools-plugins-dbg) [N/y/?] (NEW) 
qttools-dev (qttools-dev) [N/y/?] (NEW) 
qttools-examples (qttools-examples) [N/y/?] (NEW) 
qttools-tools-dbg (qttools-tools-dbg) [N/y/?] (NEW) 
qttools-qmlplugins-dbg (qttools-qmlplugins-dbg) [N/y/?] (NEW) 
qttools-plugins (qttools-plugins) [N/y/?] (NEW) 
qttools-qmlplugins (qttools-qmlplugins) [N/y/?] (NEW) 
qttools-tools (qttools-tools) [N/y/?] (NEW) 
qttools-mkspecs (qttools-mkspecs) [N/y/?] (NEW) 
qttools-dbg (qttools-dbg) [N/y/?] (NEW) 
qttools-qmldesigner (qttools-qmldesigner) [N/y/?] (NEW) 
qttools-examples-dbg (qttools-examples-dbg) [N/y/?] (NEW) 
qttools-examples-dev (qttools-examples-dev) [N/y/?] (NEW) 
*
* qttranslations 
*
qttranslations (qttranslations) [N/y/?] (NEW) 
qttranslations-qtwebengine (qttranslations-qtwebengine) [N/y/?] (NEW) 
qttranslations-plugins-dbg (qttranslations-plugins-dbg) [N/y/?] (NEW) 
qttranslations-qt (qttranslations-qt) [N/y/?] (NEW) 
qttranslations-qtquickcontrols2 (qttranslations-qtquickcontrols2) [N/y/?] (NEW) 
qttranslations-qmlplugins-dbg (qttranslations-qmlplugins-dbg) [N/y/?] (NEW) 
qttranslations-assistant (qttranslations-assistant) [N/y/?] (NEW) 
qttranslations-tools (qttranslations-tools) [N/y/?] (NEW) 
qttranslations-tools-dbg (qttranslations-tools-dbg) [N/y/?] (NEW) 
qttranslations-qtquick1 (qttranslations-qtquick1) [N/y/?] (NEW) 
qttranslations-qmldesigner (qttranslations-qmldesigner) [N/y/?] (NEW) 
qttranslations-qmlplugins (qttranslations-qmlplugins) [N/y/?] (NEW) 
qttranslations-qtlocation (qttranslations-qtlocation) [N/y/?] (NEW) 
qttranslations-designer (qttranslations-designer) [N/y/?] (NEW) 
qttranslations-qtscript (qttranslations-qtscript) [N/y/?] (NEW) 
qttranslations-qtdeclarative (qttranslations-qtdeclarative) [N/y/?] (NEW) 
qttranslations-qmlviewer (qttranslations-qmlviewer) [N/y/?] (NEW) 
qttranslations-dev (qttranslations-dev) [N/y/?] (NEW) 
qttranslations-qtwebsockets (qttranslations-qtwebsockets) [N/y/?] (NEW) 
qttranslations-qtconfig (qttranslations-qtconfig) [N/y/?] (NEW) 
qttranslations-qtbase (qttranslations-qtbase) [N/y/?] (NEW) 
qttranslations-qtmultimedia (qttranslations-qtmultimedia) [N/y/?] (NEW) 
qttranslations-qtserialport (qttranslations-qtserialport) [N/y/?] (NEW) 
qttranslations-qtquickcontrols (qttranslations-qtquickcontrols) [N/y/?] (NEW) 
qttranslations-qtconnectivity (qttranslations-qtconnectivity) [N/y/?] (NEW) 
qttranslations-linguist (qttranslations-linguist) [N/y/?] (NEW) 
qttranslations-dbg (qttranslations-dbg) [N/y/?] (NEW) 
qttranslations-qtxmlpatterns (qttranslations-qtxmlpatterns) [N/y/?] (NEW) 
qttranslations-mkspecs (qttranslations-mkspecs) [N/y/?] (NEW) 
qttranslations-examples (qttranslations-examples) [N/y/?] (NEW) 
qttranslations-examples-dev (qttranslations-examples-dev) [N/y/?] (NEW) 
qttranslations-plugins (qttranslations-plugins) [N/y/?] (NEW) 
qttranslations-examples-dbg (qttranslations-examples-dbg) [N/y/?] (NEW) 
qttranslations-qthelp (qttranslations-qthelp) [N/y/?] (NEW) 
*
* qtwebchannel 
*
qtwebchannel (qtwebchannel) [N/y/?] (NEW) 
qtwebchannel-mkspecs (qtwebchannel-mkspecs) [N/y/?] (NEW) 
qtwebchannel-qmldesigner (qtwebchannel-qmldesigner) [N/y/?] (NEW) 
qtwebchannel-examples-dev (qtwebchannel-examples-dev) [N/y/?] (NEW) 
qtwebchannel-plugins (qtwebchannel-plugins) [N/y/?] (NEW) 
qtwebchannel-plugins-dbg (qtwebchannel-plugins-dbg) [N/y/?] (NEW) 
qtwebchannel-dbg (qtwebchannel-dbg) [N/y/?] (NEW) 
qtwebchannel-qmlplugins-dbg (qtwebchannel-qmlplugins-dbg) [N/y/?] (NEW) 
qtwebchannel-dev (qtwebchannel-dev) [N/y/?] (NEW) 
qtwebchannel-examples-dbg (qtwebchannel-examples-dbg) [N/y/?] (NEW) 
qtwebchannel-tools (qtwebchannel-tools) [N/y/?] (NEW) 
qtwebchannel-qmlplugins (qtwebchannel-qmlplugins) [N/y/?] (NEW) 
qtwebchannel-tools-dbg (qtwebchannel-tools-dbg) [N/y/?] (NEW) 
qtwebchannel-examples (qtwebchannel-examples) [N/y/?] (NEW) 
*
* qtwebkit 
*
qtwebkit (qtwebkit) [N/y/?] (NEW) 
qtwebkit-tools-dbg (qtwebkit-tools-dbg) [N/y/?] (NEW) 
qtwebkit-plugins (qtwebkit-plugins) [N/y/?] (NEW) 
qtwebkit-dbg (qtwebkit-dbg) [N/y/?] (NEW) 
qtwebkit-qmlplugins-dbg (qtwebkit-qmlplugins-dbg) [N/y/?] (NEW) 
qtwebkit-mkspecs (qtwebkit-mkspecs) [N/y/?] (NEW) 
qtwebkit-plugins-dbg (qtwebkit-plugins-dbg) [N/y/?] (NEW) 
qtwebkit-dev (qtwebkit-dev) [N/y/?] (NEW) 
qtwebkit-qmldesigner (qtwebkit-qmldesigner) [N/y/?] (NEW) 
qtwebkit-qmlplugins (qtwebkit-qmlplugins) [N/y/?] (NEW) 
qtwebkit-tools (qtwebkit-tools) [N/y/?] (NEW) 
*
* qtwebsockets 
*
qtwebsockets (qtwebsockets) [N/y/?] (NEW) 
qtwebsockets-mkspecs (qtwebsockets-mkspecs) [N/y/?] (NEW) 
qtwebsockets-dev (qtwebsockets-dev) [N/y/?] (NEW) 
qtwebsockets-examples (qtwebsockets-examples) [N/y/?] (NEW) 
qtwebsockets-examples-dev (qtwebsockets-examples-dev) [N/y/?] (NEW) 
qtwebsockets-qmlplugins (qtwebsockets-qmlplugins) [N/y/?] (NEW) 
qtwebsockets-tools (qtwebsockets-tools) [N/y/?] (NEW) 
qtwebsockets-tools-dbg (qtwebsockets-tools-dbg) [N/y/?] (NEW) 
qtwebsockets-qmlplugins-dbg (qtwebsockets-qmlplugins-dbg) [N/y/?] (NEW) 
qtwebsockets-plugins (qtwebsockets-plugins) [N/y/?] (NEW) 
qtwebsockets-examples-dbg (qtwebsockets-examples-dbg) [N/y/?] (NEW) 
qtwebsockets-dbg (qtwebsockets-dbg) [N/y/?] (NEW) 
qtwebsockets-plugins-dbg (qtwebsockets-plugins-dbg) [N/y/?] (NEW) 
qtwebsockets-qmldesigner (qtwebsockets-qmldesigner) [N/y/?] (NEW) 
*
* qtxmlpatterns 
*
qtxmlpatterns (qtxmlpatterns) [N/y/?] (NEW) 
qtxmlpatterns-plugins (qtxmlpatterns-plugins) [N/y/?] (NEW) 
qtxmlpatterns-examples (qtxmlpatterns-examples) [N/y/?] (NEW) 
qtxmlpatterns-qmlplugins (qtxmlpatterns-qmlplugins) [N/y/?] (NEW) 
qtxmlpatterns-qmlplugins-dbg (qtxmlpatterns-qmlplugins-dbg) [N/y/?] (NEW) 
qtxmlpatterns-mkspecs (qtxmlpatterns-mkspecs) [N/y/?] (NEW) 
qtxmlpatterns-dev (qtxmlpatterns-dev) [N/y/?] (NEW) 
qtxmlpatterns-tools-dbg (qtxmlpatterns-tools-dbg) [N/y/?] (NEW) 
qtxmlpatterns-tools (qtxmlpatterns-tools) [N/y/?] (NEW) 
qtxmlpatterns-examples-dev (qtxmlpatterns-examples-dev) [N/y/?] (NEW) 
qtxmlpatterns-qmldesigner (qtxmlpatterns-qmldesigner) [N/y/?] (NEW) 
qtxmlpatterns-examples-dbg (qtxmlpatterns-examples-dbg) [N/y/?] (NEW) 
qtxmlpatterns-dbg (qtxmlpatterns-dbg) [N/y/?] (NEW) 
qtxmlpatterns-plugins-dbg (qtxmlpatterns-plugins-dbg) [N/y/?] (NEW) 
*
* randrproto 
*
randrproto (randrproto) [N/y/?] (NEW) 
randrproto-dbg (randrproto-dbg) [N/y/?] (NEW) 
randrproto-dev (randrproto-dev) [N/y/?] (NEW) 
*
* recordproto 
*
recordproto (recordproto) [N/y/?] (NEW) 
recordproto-dbg (recordproto-dbg) [N/y/?] (NEW) 
recordproto-dev (recordproto-dev) [N/y/?] (NEW) 
*
* renderproto 
*
renderproto (renderproto) [N/y/?] (NEW) 
renderproto-dev (renderproto-dev) [N/y/?] (NEW) 
renderproto-dbg (renderproto-dbg) [N/y/?] (NEW) 
*
* resourceproto 
*
resourceproto (resourceproto) [N/y/?] (NEW) 
resourceproto-dbg (resourceproto-dbg) [N/y/?] (NEW) 
resourceproto-dev (resourceproto-dev) [N/y/?] (NEW) 
*
* rgb 
*
rgb (rgb) [N/y/?] (NEW) 
rgb-dbg (rgb-dbg) [N/y/?] (NEW) 
rgb-dev (rgb-dev) [N/y/?] (NEW) 
*
* rpm 
*
rpm (rpm) [N/y/?] (NEW) 
rpm-build (rpm-build) [N/y/?] (NEW) 
rpm-common (rpm-common) [N/y/?] (NEW) 
rpm-libs (rpm-libs) [N/y/?] (NEW) 
rpm-dev (rpm-dev) [N/y/?] (NEW) 
python-rpm (python-rpm) [N/y/?] (NEW) 
perl-module-rpm (perl-module-rpm) [N/y/?] (NEW) 
rpm-dbg (rpm-dbg) [N/y/?] (NEW) 
*
* scrnsaverproto 
*
scrnsaverproto (scrnsaverproto) [N/y/?] (NEW) 
scrnsaverproto-dev (scrnsaverproto-dev) [N/y/?] (NEW) 
scrnsaverproto-dbg (scrnsaverproto-dbg) [N/y/?] (NEW) 
*
* sysfsutils 
*
sysfsutils (sysfsutils) [N/y/?] (NEW) 
sysfsutils-dev (sysfsutils-dev) [N/y/?] (NEW) 
sysfsutils-dbg (sysfsutils-dbg) [N/y/?] (NEW) 
libsysfs (libsysfs) [N/y/?] (NEW) 
*
* sysvinit-inittab 
*
sysvinit-inittab (sysvinit-inittab) [N/y/?] (NEW) 
sysvinit-inittab-dbg (sysvinit-inittab-dbg) [N/y/?] (NEW) 
sysvinit-inittab-dev (sysvinit-inittab-dev) [N/y/?] (NEW) 
*
* tbb 
*
tbb (tbb) [N/y/?] (NEW) 
tbb-dev (tbb-dev) [N/y/?] (NEW) 
tbb-dbg (tbb-dbg) [N/y/?] (NEW) 
*
* tcf-agent 
*
tcf-agent (tcf-agent) [Y/n/?] 
tcf-agent-dev (tcf-agent-dev) [N/y/?] (NEW) 
tcf-agent-dbg (tcf-agent-dbg) [N/y/?] (NEW) 
*
* tiff 
*
tiff (tiff) [N/y/?] (NEW) 
tiff-dev (tiff-dev) [N/y/?] (NEW) 
tiff-dbg (tiff-dbg) [N/y/?] (NEW) 
tiffxx (tiffxx) [N/y/?] (NEW) 
tiff-utils (tiff-utils) [N/y/?] (NEW) 
*
* util-macros 
*
util-macros (util-macros) [N/y/?] (NEW) 
util-macros-dbg (util-macros-dbg) [N/y/?] (NEW) 
util-macros-dev (util-macros-dev) [N/y/?] (NEW) 
*
* v4l-utils 
*
v4l-utils (v4l-utils) [N/y/?] (NEW) 
ir-keytable (ir-keytable) [N/y/?] (NEW) 
v4l-utils-dbg (v4l-utils-dbg) [N/y/?] (NEW) 
libv4l-dbg (libv4l-dbg) [N/y/?] (NEW) 
media-ctl (media-ctl) [N/y/?] (NEW) 
rc-keymaps (rc-keymaps) [N/y/?] (NEW) 
libv4l (libv4l) [N/y/?] (NEW) 
libv4l-dev (libv4l-dev) [N/y/?] (NEW) 
v4l-utils-dev (v4l-utils-dev) [N/y/?] (NEW) 
*
* videoproto 
*
videoproto (videoproto) [N/y/?] (NEW) 
videoproto-dev (videoproto-dev) [N/y/?] (NEW) 
videoproto-dbg (videoproto-dbg) [N/y/?] (NEW) 
*
* vte 
*
vte (vte) [N/y/?] (NEW) 
vte-termcap (vte-termcap) [N/y/?] (NEW) 
libvte (libvte) [N/y/?] (NEW) 
vte-dbg (vte-dbg) [N/y/?] (NEW) 
vte-dev (vte-dev) [N/y/?] (NEW) 
*
* x264 
*
x264 (x264) [N/y/?] (NEW) 
x264-dev (x264-dev) [N/y/?] (NEW) 
x264-dbg (x264-dbg) [N/y/?] (NEW) 
x264-bin (x264-bin) [N/y/?] (NEW) 
*
* xauth 
*
xauth (xauth) [N/y/?] (NEW) 
xauth-dev (xauth-dev) [N/y/?] (NEW) 
xauth-dbg (xauth-dbg) [N/y/?] (NEW) 
*
* xcb-util-image 
*
xcb-util-image (xcb-util-image) [N/y/?] (NEW) 
xcb-util-image-dbg (xcb-util-image-dbg) [N/y/?] (NEW) 
xcb-util-image-dev (xcb-util-image-dev) [N/y/?] (NEW) 
*
* xcb-util-keysyms 
*
xcb-util-keysyms (xcb-util-keysyms) [N/y/?] (NEW) 
xcb-util-keysyms-dev (xcb-util-keysyms-dev) [N/y/?] (NEW) 
xcb-util-keysyms-dbg (xcb-util-keysyms-dbg) [N/y/?] (NEW) 
*
* xcb-util-renderutil 
*
xcb-util-renderutil (xcb-util-renderutil) [N/y/?] (NEW) 
xcb-util-renderutil-dbg (xcb-util-renderutil-dbg) [N/y/?] (NEW) 
xcb-util-renderutil-dev (xcb-util-renderutil-dev) [N/y/?] (NEW) 
*
* xcb-util-wm 
*
xcb-util-wm (xcb-util-wm) [N/y/?] (NEW) 
xcb-util-wm-dbg (xcb-util-wm-dbg) [N/y/?] (NEW) 
xcb-util-wm-dev (xcb-util-wm-dev) [N/y/?] (NEW) 
*
* xcmiscproto 
*
xcmiscproto (xcmiscproto) [N/y/?] (NEW) 
xcmiscproto-dbg (xcmiscproto-dbg) [N/y/?] (NEW) 
xcmiscproto-dev (xcmiscproto-dev) [N/y/?] (NEW) 
*
* xdpyinfo 
*
xdpyinfo (xdpyinfo) [N/y/?] (NEW) 
xdpyinfo-dev (xdpyinfo-dev) [N/y/?] (NEW) 
xdpyinfo-dbg (xdpyinfo-dbg) [N/y/?] (NEW) 
*
* xextproto 
*
xextproto (xextproto) [N/y/?] (NEW) 
xextproto-dev (xextproto-dev) [N/y/?] (NEW) 
xextproto-dbg (xextproto-dbg) [N/y/?] (NEW) 
*
* xf86-input-evdev 
*
xf86-input-evdev (xf86-input-evdev) [N/y/?] (NEW) 
xf86-input-evdev-dbg (xf86-input-evdev-dbg) [N/y/?] (NEW) 
xf86-input-evdev-dev (xf86-input-evdev-dev) [N/y/?] (NEW) 
*
* xf86-input-keyboard 
*
xf86-input-keyboard (xf86-input-keyboard) [N/y/?] (NEW) 
xf86-input-keyboard-dbg (xf86-input-keyboard-dbg) [N/y/?] (NEW) 
xf86-input-keyboard-dev (xf86-input-keyboard-dev) [N/y/?] (NEW) 
*
* xf86-input-mouse 
*
xf86-input-mouse (xf86-input-mouse) [N/y/?] (NEW) 
xf86-input-mouse-dev (xf86-input-mouse-dev) [N/y/?] (NEW) 
xf86-input-mouse-dbg (xf86-input-mouse-dbg) [N/y/?] (NEW) 
*
* xf86-video-fbdev 
*
xf86-video-fbdev (xf86-video-fbdev) [N/y/?] (NEW) 
xf86-video-fbdev-dbg (xf86-video-fbdev-dbg) [N/y/?] (NEW) 
xf86-video-fbdev-dev (xf86-video-fbdev-dev) [N/y/?] (NEW) 
*
* xf86dgaproto 
*
xf86dgaproto (xf86dgaproto) [N/y/?] (NEW) 
xf86dgaproto-dev (xf86dgaproto-dev) [N/y/?] (NEW) 
xf86dgaproto-dbg (xf86dgaproto-dbg) [N/y/?] (NEW) 
*
* xf86driproto 
*
xf86driproto (xf86driproto) [N/y/?] (NEW) 
xf86driproto-dev (xf86driproto-dev) [N/y/?] (NEW) 
xf86driproto-dbg (xf86driproto-dbg) [N/y/?] (NEW) 
*
* xf86miscproto 
*
xf86miscproto (xf86miscproto) [N/y/?] (NEW) 
xf86miscproto-dbg (xf86miscproto-dbg) [N/y/?] (NEW) 
xf86miscproto-dev (xf86miscproto-dev) [N/y/?] (NEW) 
*
* xf86vidmodeproto 
*
xf86vidmodeproto (xf86vidmodeproto) [N/y/?] (NEW) 
xf86vidmodeproto-dev (xf86vidmodeproto-dev) [N/y/?] (NEW) 
xf86vidmodeproto-dbg (xf86vidmodeproto-dbg) [N/y/?] (NEW) 
*
* xhost 
*
xhost (xhost) [N/y/?] (NEW) 
xhost-dev (xhost-dev) [N/y/?] (NEW) 
xhost-dbg (xhost-dbg) [N/y/?] (NEW) 
*
* xineramaproto 
*
xineramaproto (xineramaproto) [N/y/?] (NEW) 
xineramaproto-dev (xineramaproto-dev) [N/y/?] (NEW) 
xineramaproto-dbg (xineramaproto-dbg) [N/y/?] (NEW) 
*
* xinit 
*
xinit (xinit) [N/y/?] (NEW) 
xinit-dbg (xinit-dbg) [N/y/?] (NEW) 
xinit-dev (xinit-dev) [N/y/?] (NEW) 
*
* xinput 
*
xinput (xinput) [N/y/?] (NEW) 
xinput-dev (xinput-dev) [N/y/?] (NEW) 
xinput-dbg (xinput-dbg) [N/y/?] (NEW) 
*
* xinput-calibrator 
*
xinput-calibrator (xinput-calibrator) [N/y/?] (NEW) 
xinput-calibrator-dev (xinput-calibrator-dev) [N/y/?] (NEW) 
xinput-calibrator-dbg (xinput-calibrator-dbg) [N/y/?] (NEW) 
*
* xkbcomp 
*
xkbcomp (xkbcomp) [N/y/?] (NEW) 
xkbcomp-dev (xkbcomp-dev) [N/y/?] (NEW) 
xkbcomp-dbg (xkbcomp-dbg) [N/y/?] (NEW) 
*
* xmodmap 
*
xmodmap (xmodmap) [N/y/?] (NEW) 
xmodmap-dev (xmodmap-dev) [N/y/?] (NEW) 
xmodmap-dbg (xmodmap-dbg) [N/y/?] (NEW) 
*
* xproto 
*
xproto (xproto) [N/y/?] (NEW) 
xproto-dev (xproto-dev) [N/y/?] (NEW) 
xproto-dbg (xproto-dbg) [N/y/?] (NEW) 
*
* xrandr 
*
xrandr (xrandr) [N/y/?] (NEW) 
xrandr-dev (xrandr-dev) [N/y/?] (NEW) 
xrandr-dbg (xrandr-dbg) [N/y/?] (NEW) 
*
* xserver-common 
*
xserver-common (xserver-common) [N/y/?] (NEW) 
xserver-common-dev (xserver-common-dev) [N/y/?] (NEW) 
xserver-common-dbg (xserver-common-dbg) [N/y/?] (NEW) 
*
* xset 
*
xset (xset) [N/y/?] (NEW) 
xset-dbg (xset-dbg) [N/y/?] (NEW) 
xset-dev (xset-dev) [N/y/?] (NEW) 
*
* xtrans 
*
xtrans (xtrans) [N/y/?] (NEW) 
xtrans-dbg (xtrans-dbg) [N/y/?] (NEW) 
xtrans-dev (xtrans-dev) [N/y/?] (NEW) 
*
* yavta 
*
yavta (yavta) [N/y/?] (NEW) 
yavta-dbg (yavta-dbg) [N/y/?] (NEW) 
yavta-dev (yavta-dev) [N/y/?] (NEW) 
*
* multimedia 
*
*
* alsa-plugins 
*
alsa-plugins (alsa-plugins) [N/y/?] (NEW) 
alsa-plugins-dbg (alsa-plugins-dbg) [N/y/?] (NEW) 
alsa-plugins-dev (alsa-plugins-dev) [N/y/?] (NEW) 
alsa-plugins-pulseaudio-conf (alsa-plugins-pulseaudio-conf) [N/y/?] (NEW) 
*
* gstreamer1.0 
*
gstreamer1.0 (gstreamer1.0) [N/y/?] (NEW) 
gstreamer1.0-dev (gstreamer1.0-dev) [N/y/?] (NEW) 
gstreamer1.0-dbg (gstreamer1.0-dbg) [N/y/?] (NEW) 
gstreamer1.0-bash-completion (gstreamer1.0-bash-completion) [N/y/?] (NEW) 
*
* net 
*
*
* bridge-utils 
*
bridge-utils (bridge-utils) [Y/n/?] 
bridge-utils-dev (bridge-utils-dev) [N/y/?] (NEW) 
bridge-utils-dbg (bridge-utils-dbg) [N/y/?] (NEW) 
*
* netcat 
*
netcat (netcat) [N/y/?] (NEW) 
netcat-dev (netcat-dev) [N/y/?] (NEW) 
netcat-dbg (netcat-dbg) [N/y/?] (NEW) 
*
* tcpdump 
*
tcpdump (tcpdump) [N/y/?] (NEW) 
tcpdump-dbg (tcpdump-dbg) [N/y/?] (NEW) 
tcpdump-dev (tcpdump-dev) [N/y/?] (NEW) 
*
* network 
*
*
* avahi 
*
avahi (avahi) [N/y/?] (NEW) 
libavahi-common (libavahi-common) [N/y/?] (NEW) 
avahi-autoipd (avahi-autoipd) [N/y/?] (NEW) 
libavahi-gobject (libavahi-gobject) [N/y/?] (NEW) 
avahi-daemon (avahi-daemon) [N/y/?] (NEW) 
libavahi-glib (libavahi-glib) [N/y/?] (NEW) 
libavahi-client (libavahi-client) [N/y/?] (NEW) 
avahi-dnsconfd (avahi-dnsconfd) [N/y/?] (NEW) 
libavahi-ui (libavahi-ui) [N/y/?] (NEW) 
libavahi-core (libavahi-core) [N/y/?] (NEW) 
avahi-dbg (avahi-dbg) [N/y/?] (NEW) 
avahi-utils (avahi-utils) [N/y/?] (NEW) 
avahi-dev (avahi-dev) [N/y/?] (NEW) 
*
* mobile-broadband-provider-info 
*
mobile-broadband-provider-info (mobile-broadband-provider-info) [N/y/?] (NEW) 
mobile-broadband-provider-info-dbg (mobile-broadband-provider-info-dbg) [N/y/?] (NEW) 
mobile-broadband-provider-info-dev (mobile-broadband-provider-info-dev) [N/y/?] (NEW) 
*
* optional 
*
*
* libatomic-ops 
*
libatomic-ops (libatomic-ops) [N/y/?] (NEW) 
libatomic-ops-dev (libatomic-ops-dev) [N/y/?] (NEW) 
libatomic-ops-dbg (libatomic-ops-dbg) [N/y/?] (NEW) 
*
* x 
*
*
* libs 
*
*
* libxsettings-client 
*
libxsettings-client (libxsettings-client) [N/y/?] (NEW) 
libxsettings-client-dev (libxsettings-client-dev) [N/y/?] (NEW) 
libxsettings-client-dbg (libxsettings-client-dbg) [N/y/?] (NEW) 
*
* x11 
*
*
* base 
*
*
* gtk-sato-engine 
*
gtk-sato-engine (gtk-sato-engine) [N/y/?] (NEW) 
gtk-sato-engine-dbg (gtk-sato-engine-dbg) [N/y/?] (NEW) 
gtk-sato-engine-dev (gtk-sato-engine-dev) [N/y/?] (NEW) 
gtk-theme-sato (gtk-theme-sato) [N/y/?] (NEW) 
*
* libdrm 
*
libdrm (libdrm) [N/y/?] (NEW) 
libdrm-exynos (libdrm-exynos) [N/y/?] (NEW) 
libdrm-dbg (libdrm-dbg) [N/y/?] (NEW) 
libdrm-freedreno (libdrm-freedreno) [N/y/?] (NEW) 
libdrm-nouveau (libdrm-nouveau) [N/y/?] (NEW) 
libdrm-drivers (libdrm-drivers) [N/y/?] (NEW) 
libdrm-omap (libdrm-omap) [N/y/?] (NEW) 
libdrm-amdgpu (libdrm-amdgpu) [N/y/?] (NEW) 
libdrm-radeon (libdrm-radeon) [N/y/?] (NEW) 
libdrm-intel (libdrm-intel) [N/y/?] (NEW) 
libdrm-dev (libdrm-dev) [N/y/?] (NEW) 
libdrm-kms (libdrm-kms) [N/y/?] (NEW) 
libdrm-tests (libdrm-tests) [N/y/?] (NEW) 
*
* xcursor-transparent-theme 
*
xcursor-transparent-theme (xcursor-transparent-theme) [N/y/?] (NEW) 
xcursor-transparent-theme-dev (xcursor-transparent-theme-dev) [N/y/?] (NEW) 
xcursor-transparent-theme-dbg (xcursor-transparent-theme-dbg) [N/y/?] (NEW) 
*
* xserver-xf86-config 
*
xserver-xf86-config (xserver-xf86-config) [N/y/?] (NEW) 
xserver-xf86-config-dev (xserver-xf86-config-dev) [N/y/?] (NEW) 
xserver-xf86-config-dbg (xserver-xf86-config-dbg) [N/y/?] (NEW) 
*
* xserver-xorg 
*
xserver-xorg (xserver-xorg) [N/y/?] (NEW) 
xserver-xorg-dbg (xserver-xorg-dbg) [N/y/?] (NEW) 
xserver-xorg-module-exa (xserver-xorg-module-exa) [N/y/?] (NEW) 
xserver-xorg-module-libint10 (xserver-xorg-module-libint10) [N/y/?] (NEW) 
xserver-xorg-extension-dri (xserver-xorg-extension-dri) [N/y/?] (NEW) 
xserver-xorg-module-libafb (xserver-xorg-module-libafb) [N/y/?] (NEW) 
xserver-xorg-module-libmfb (xserver-xorg-module-libmfb) [N/y/?] (NEW) 
xserver-xorg-utils (xserver-xorg-utils) [N/y/?] (NEW) 
xserver-xorg-xephyr (xserver-xorg-xephyr) [N/y/?] (NEW) 
xserver-xorg-dev (xserver-xorg-dev) [N/y/?] (NEW) 
xserver-xorg-extension-dbe (xserver-xorg-extension-dbe) [N/y/?] (NEW) 
xserver-xorg-module-libcfb (xserver-xorg-module-libcfb) [N/y/?] (NEW) 
xserver-xorg-multimedia-modules (xserver-xorg-multimedia-modules) [N/y/?] (NEW) 
xserver-xorg-module-xaa (xserver-xorg-module-xaa) [N/y/?] (NEW) 
xserver-xorg-module-libwfb (xserver-xorg-module-libwfb) [N/y/?] (NEW) 
xserver-xorg-xvfb (xserver-xorg-xvfb) [N/y/?] (NEW) 
xf86-video-modesetting (xf86-video-modesetting) [N/y/?] (NEW) 
xserver-xorg-xwayland (xserver-xorg-xwayland) [N/y/?] (NEW) 
xserver-xorg-extension-extmod (xserver-xorg-extension-extmod) [N/y/?] (NEW) 
xserver-xorg-extension-glx (xserver-xorg-extension-glx) [N/y/?] (NEW) 
xserver-xorg-extension-record (xserver-xorg-extension-record) [N/y/?] (NEW) 
xserver-xorg-module-libxf1bpp (xserver-xorg-module-libxf1bpp) [N/y/?] (NEW) 
xserver-xorg-module-libxf4bpp (xserver-xorg-module-libxf4bpp) [N/y/?] (NEW) 
xserver-xorg-fbdev (xserver-xorg-fbdev) [N/y/?] (NEW) 
xserver-xorg-sdl (xserver-xorg-sdl) [N/y/?] (NEW) 
xserver-xorg-extension-dri2 (xserver-xorg-extension-dri2) [N/y/?] (NEW) 
*
* xtscal 
*
xtscal (xtscal) [N/y/?] (NEW) 
xtscal-dev (xtscal-dev) [N/y/?] (NEW) 
xtscal-dbg (xtscal-dbg) [N/y/?] (NEW) 
*
* fonts 
*
*
* liberation-fonts 
*
liberation-fonts (liberation-fonts) [N/y/?] (NEW) 
*
* gnome 
*
*
* adwaita-icon-theme 
*
adwaita-icon-theme (adwaita-icon-theme) [N/y/?] (NEW) 
adwaita-icon-theme-symbolic (adwaita-icon-theme-symbolic) [N/y/?] (NEW) 
adwaita-icon-theme-cursors (adwaita-icon-theme-cursors) [N/y/?] (NEW) 
adwaita-icon-theme-hires (adwaita-icon-theme-hires) [N/y/?] (NEW) 
*
* gconf 
*
gconf (gconf) [N/y/?] (NEW) 
gconf-dev (gconf-dev) [N/y/?] (NEW) 
gconf-dbg (gconf-dbg) [N/y/?] (NEW) 
*
* gnome-common 
*
gnome-common (gnome-common) [N/y/?] (NEW) 
gnome-common-dev (gnome-common-dev) [N/y/?] (NEW) 
gnome-common-dbg (gnome-common-dbg) [N/y/?] (NEW) 
*
* libglu 
*
libglu (libglu) [N/y/?] (NEW) 
libglu-dbg (libglu-dbg) [N/y/?] (NEW) 
libglu-dev (libglu-dev) [N/y/?] (NEW) 
*
* libs 
*
*
* atk 
*
atk (atk) [N/y/?] (NEW) 
atk-dbg (atk-dbg) [N/y/?] (NEW) 
atk-dev (atk-dev) [N/y/?] (NEW) 
*
* libmatchbox 
*
libmatchbox (libmatchbox) [N/y/?] (NEW) 
libmatchbox-dev (libmatchbox-dev) [N/y/?] (NEW) 
libmatchbox-dbg (libmatchbox-dbg) [N/y/?] (NEW) 
*
* libpthread-stubs 
*
libpthread-stubs (libpthread-stubs) [N/y/?] (NEW) 
libpthread-stubs-dbg (libpthread-stubs-dbg) [N/y/?] (NEW) 
libpthread-stubs-dev (libpthread-stubs-dev) [N/y/?] (NEW) 
*
* libxcb 
*
libxcb (libxcb) [N/y/?] (NEW) 
libxcb-dbg (libxcb-dbg) [N/y/?] (NEW) 
libxcb-dev (libxcb-dev) [N/y/?] (NEW) 
*
* xcb-proto 
*
xcb-proto (xcb-proto) [N/y/?] (NEW) 
xcb-proto-dev (xcb-proto-dev) [N/y/?] (NEW) 
python-xcbgen (python-xcbgen) [N/y/?] (NEW) 
xcb-proto-dbg (xcb-proto-dbg) [N/y/?] (NEW) 
*
* xcb-util 
*
xcb-util (xcb-util) [N/y/?] (NEW) 
xcb-util-dbg (xcb-util-dbg) [N/y/?] (NEW) 
xcb-util-dev (xcb-util-dev) [N/y/?] (NEW) 
*
* xkeyboard-config 
*
xkeyboard-config (xkeyboard-config) [N/y/?] (NEW) 
xkeyboard-config-dbg (xkeyboard-config-dbg) [N/y/?] (NEW) 
xkeyboard-config-dev (xkeyboard-config-dev) [N/y/?] (NEW) 
*
* matchbox-desktop-sato 
*
matchbox-desktop-sato (matchbox-desktop-sato) [N/y/?] (NEW) 
matchbox-desktop-sato-dbg (matchbox-desktop-sato-dbg) [N/y/?] (NEW) 
matchbox-desktop-sato-dev (matchbox-desktop-sato-dev) [N/y/?] (NEW) 
*
* matchbox-keyboard 
*
matchbox-keyboard (matchbox-keyboard) [N/y/?] (NEW) 
matchbox-keyboard-dbg (matchbox-keyboard-dbg) [N/y/?] (NEW) 
matchbox-keyboard-dev (matchbox-keyboard-dev) [N/y/?] (NEW) 
matchbox-keyboard-applet (matchbox-keyboard-applet) [N/y/?] (NEW) 
matchbox-keyboard-im (matchbox-keyboard-im) [N/y/?] (NEW) 
*
* matchbox-session 
*
matchbox-session (matchbox-session) [N/y/?] (NEW) 
matchbox-session-dev (matchbox-session-dev) [N/y/?] (NEW) 
matchbox-session-dbg (matchbox-session-dbg) [N/y/?] (NEW) 
*
* matchbox-session-sato 
*
matchbox-session-sato (matchbox-session-sato) [N/y/?] (NEW) 
matchbox-session-sato-dbg (matchbox-session-sato-dbg) [N/y/?] (NEW) 
matchbox-session-sato-dev (matchbox-session-sato-dev) [N/y/?] (NEW) 
*
* mesa 
*
mesa (mesa) [N/y/?] (NEW) 
libosmesa (libosmesa) [N/y/?] (NEW) 
libglapi (libglapi) [N/y/?] (NEW) 
libglapi-dev (libglapi-dev) [N/y/?] (NEW) 
libgles1-mesa-dev (libgles1-mesa-dev) [N/y/?] (NEW) 
libgbm (libgbm) [N/y/?] (NEW) 
libgles2-mesa-dev (libgles2-mesa-dev) [N/y/?] (NEW) 
libgl-mesa-dev (libgl-mesa-dev) [N/y/?] (NEW) 
libgl-mesa (libgl-mesa) [N/y/?] (NEW) 
libxvmcsoftpipe (libxvmcsoftpipe) [N/y/?] (NEW) 
mesa-megadriver (mesa-megadriver) [N/y/?] (NEW) 
libxatracker-dev (libxatracker-dev) [N/y/?] (NEW) 
libgles3-mesa (libgles3-mesa) [N/y/?] (NEW) 
libegl-mesa-dev (libegl-mesa-dev) [N/y/?] (NEW) 
mesa-dbg (mesa-dbg) [N/y/?] (NEW) 
libxvmcsoftpipe-dev (libxvmcsoftpipe-dev) [N/y/?] (NEW) 
libgbm-dev (libgbm-dev) [N/y/?] (NEW) 
libgles2-mesa (libgles2-mesa) [N/y/?] (NEW) 
libosmesa-dev (libosmesa-dev) [N/y/?] (NEW) 
libwayland-egl (libwayland-egl) [N/y/?] (NEW) 
libwayland-egl-dev (libwayland-egl-dev) [N/y/?] (NEW) 
mesa-dev (mesa-dev) [N/y/?] (NEW) 
libegl-mesa (libegl-mesa) [N/y/?] (NEW) 
libgles1-mesa (libgles1-mesa) [N/y/?] (NEW) 
libxatracker (libxatracker) [N/y/?] (NEW) 
libgles3-mesa-dev (libgles3-mesa-dev) [N/y/?] (NEW) 
*
* sato-icon-theme 
*
sato-icon-theme (sato-icon-theme) [N/y/?] (NEW) 
sato-icon-theme-dev (sato-icon-theme-dev) [N/y/?] (NEW) 
sato-icon-theme-dbg (sato-icon-theme-dbg) [N/y/?] (NEW) 
*
* settings-daemon 
*
settings-daemon (settings-daemon) [N/y/?] (NEW) 
settings-daemon-dbg (settings-daemon-dbg) [N/y/?] (NEW) 
settings-daemon-dev (settings-daemon-dev) [N/y/?] (NEW) 
*
* utils 
*
*
* matchbox-terminal 
*
matchbox-terminal (matchbox-terminal) [N/y/?] (NEW) 
matchbox-terminal-dev (matchbox-terminal-dev) [N/y/?] (NEW) 
matchbox-terminal-dbg (matchbox-terminal-dbg) [N/y/?] (NEW) 
*
* wm 
*
*
* libfakekey 
*
libfakekey (libfakekey) [N/y/?] (NEW) 
libfakekey-dbg (libfakekey-dbg) [N/y/?] (NEW) 
libfakekey-dev (libfakekey-dev) [N/y/?] (NEW) 
*
* matchbox-desktop 
*
matchbox-desktop (matchbox-desktop) [N/y/?] (NEW) 
matchbox-desktop-dev (matchbox-desktop-dev) [N/y/?] (NEW) 
matchbox-desktop-dbg (matchbox-desktop-dbg) [N/y/?] (NEW) 
*
* matchbox-theme-sato 
*
matchbox-theme-sato (matchbox-theme-sato) [N/y/?] (NEW) 
matchbox-theme-sato-dbg (matchbox-theme-sato-dbg) [N/y/?] (NEW) 
matchbox-theme-sato-dev (matchbox-theme-sato-dev) [N/y/?] (NEW) 
*
* matchbox-wm 
*
matchbox-wm (matchbox-wm) [N/y/?] (NEW) 
matchbox-wm-dev (matchbox-wm-dev) [N/y/?] (NEW) 
matchbox-wm-dbg (matchbox-wm-dbg) [N/y/?] (NEW) 
*
* xserver-nodm-init 
*
xserver-nodm-init (xserver-nodm-init) [N/y/?] (NEW) 
xserver-nodm-init-dbg (xserver-nodm-init-dbg) [N/y/?] (NEW) 
xserver-nodm-init-dev (xserver-nodm-init-dev) [N/y/?] (NEW) 
*
* apps 
*
*
* gpio-demo 
*
gpio-demo (gpio-demo) [N/y/?] (NEW) 
gpio-demo-dbg (gpio-demo-dbg) [N/y/?] (NEW) 
gpio-demo-dev (gpio-demo-dev) [N/y/?] (NEW) 
*
* peekpoke 
*
peekpoke (peekpoke) [N/y/?] (NEW) 
peekpoke-dev (peekpoke-dev) [N/y/?] (NEW) 
peekpoke-dbg (peekpoke-dbg) [N/y/?] (NEW) 
*
* PetaLinux RootFS Settings
*
Root password (ROOTFS_ROOT_PASSWD) [root] (NEW) 
#
# configuration written to /home/marco/Documents/tesis/others/petalinux/dma-mapped/project-spec/configs/rootfs_config
#
[INFO] generating petalinux-user-image.bb
Generate petalinux-user-image  bb file
